<?xml version="1.0" encoding="UTF-8"?>
<coverage generated="1743500598804" clover="3.2.0">
  <project timestamp="1743500598804" name="All files">
    <metrics statements="316" coveredstatements="255" conditionals="118" coveredconditionals="87" methods="79" coveredmethods="63" elements="513" coveredelements="405" complexity="0" loc="316" ncloc="316" packages="1" files="29" classes="29"/>
    <file name="apply-pagination.ts" path="/Users/muthumathiyazhagan/Projects/live2ai-dashboard/src/utils/apply-pagination.ts">
      <metrics statements="4" coveredstatements="4" conditionals="0" coveredconditionals="0" methods="1" coveredmethods="1"/>
      <line num="3" count="11" type="stmt"/>
      <line num="8" count="11" type="stmt"/>
      <line num="9" count="11" type="stmt"/>
      <line num="10" count="11" type="stmt"/>
    </file>
    <file name="apply-sort.ts" path="/Users/muthumathiyazhagan/Projects/live2ai-dashboard/src/utils/apply-sort.ts">
      <metrics statements="17" coveredstatements="17" conditionals="5" coveredconditionals="5" methods="8" coveredmethods="8"/>
      <line num="7" count="8662" type="cond" truecount="1" falsecount="0"/>
      <line num="8" count="4146" type="stmt"/>
      <line num="11" count="4516" type="cond" truecount="1" falsecount="0"/>
      <line num="12" count="4508" type="stmt"/>
      <line num="15" count="8" type="stmt"/>
      <line num="19" count="9" type="cond" truecount="2" falsecount="0"/>
      <line num="20" count="11" type="stmt"/>
      <line num="21" count="8651" type="stmt"/>
      <line num="24" count="9" type="stmt"/>
      <line num="29" count="9" type="stmt"/>
      <line num="30" count="1027" type="stmt"/>
      <line num="32" count="9" type="stmt"/>
      <line num="34" count="8662" type="stmt"/>
      <line num="36" count="8662" type="cond" truecount="1" falsecount="0"/>
      <line num="37" count="8654" type="stmt"/>
      <line num="41" count="8" type="stmt"/>
      <line num="45" count="1027" type="stmt"/>
    </file>
    <file name="auth.ts" path="/Users/muthumathiyazhagan/Projects/live2ai-dashboard/src/utils/auth.ts">
      <metrics statements="1" coveredstatements="1" conditionals="2" coveredconditionals="2" methods="1" coveredmethods="1"/>
      <line num="1" count="1" type="cond" truecount="2" falsecount="0"/>
    </file>
    <file name="bytes-to-size.ts" path="/Users/muthumathiyazhagan/Projects/live2ai-dashboard/src/utils/bytes-to-size.ts">
      <metrics statements="8" coveredstatements="8" conditionals="4" coveredconditionals="4" methods="1" coveredmethods="1"/>
      <line num="2" count="12" type="cond" truecount="1" falsecount="0"/>
      <line num="3" count="12" type="cond" truecount="1" falsecount="0"/>
      <line num="4" count="1" type="stmt"/>
      <line num="7" count="11" type="stmt"/>
      <line num="8" count="11" type="cond" truecount="2" falsecount="0"/>
      <line num="9" count="11" type="stmt"/>
      <line num="10" count="11" type="stmt"/>
      <line num="12" count="11" type="stmt"/>
    </file>
    <file name="code-style.ts" path="/Users/muthumathiyazhagan/Projects/live2ai-dashboard/src/utils/code-style.ts">
      <metrics statements="2" coveredstatements="2" conditionals="0" coveredconditionals="0" methods="0" coveredmethods="0"/>
      <line num="1" count="1" type="stmt"/>
      <line num="3" count="17" type="stmt"/>
    </file>
    <file name="create-emotion-cache.ts" path="/Users/muthumathiyazhagan/Projects/live2ai-dashboard/src/utils/create-emotion-cache.ts">
      <metrics statements="3" coveredstatements="3" conditionals="0" coveredconditionals="0" methods="1" coveredmethods="1"/>
      <line num="1" count="1" type="stmt"/>
      <line num="3" count="3" type="stmt"/>
      <line num="4" count="3" type="stmt"/>
    </file>
    <file name="create-public-id.ts" path="/Users/muthumathiyazhagan/Projects/live2ai-dashboard/src/utils/create-public-id.ts">
      <metrics statements="3" coveredstatements="3" conditionals="1" coveredconditionals="1" methods="1" coveredmethods="1"/>
      <line num="1" count="1" type="stmt"/>
      <line num="3" count="3" type="cond" truecount="1" falsecount="0"/>
      <line num="4" count="3" type="stmt"/>
    </file>
    <file name="create-resource-id.ts" path="/Users/muthumathiyazhagan/Projects/live2ai-dashboard/src/utils/create-resource-id.ts">
      <metrics statements="4" coveredstatements="4" conditionals="0" coveredconditionals="0" methods="2" coveredmethods="2"/>
      <line num="1" count="3" type="stmt"/>
      <line num="2" count="3" type="stmt"/>
      <line num="3" count="3" type="stmt"/>
      <line num="4" count="36" type="stmt"/>
    </file>
    <file name="date-locale.ts" path="/Users/muthumathiyazhagan/Projects/live2ai-dashboard/src/utils/date-locale.ts">
      <metrics statements="10" coveredstatements="10" conditionals="5" coveredconditionals="5" methods="1" coveredmethods="1"/>
      <line num="2" count="1" type="stmt"/>
      <line num="4" count="1" type="stmt"/>
      <line num="23" count="19" type="stmt"/>
      <line num="26" count="19" type="cond" truecount="2" falsecount="0"/>
      <line num="28" count="19" type="stmt"/>
      <line num="30" count="18" type="cond" truecount="1" falsecount="0"/>
      <line num="31" count="10" type="cond" truecount="2" falsecount="0"/>
      <line num="32" count="5" type="stmt"/>
      <line num="34" count="5" type="stmt"/>
      <line num="38" count="8" type="stmt"/>
    </file>
    <file name="deep-compare.ts" path="/Users/muthumathiyazhagan/Projects/live2ai-dashboard/src/utils/deep-compare.ts">
      <metrics statements="27" coveredstatements="26" conditionals="19" coveredconditionals="18" methods="1" coveredmethods="1"/>
      <line num="1" count="1" type="stmt"/>
      <line num="3" count="25" type="stmt"/>
      <line num="4" count="56" type="cond" truecount="1" falsecount="0"/>
      <line num="5" count="21" type="stmt"/>
      <line num="7" count="35" type="cond" truecount="3" falsecount="0"/>
      <line num="8" count="2" type="stmt"/>
      <line num="10" count="33" type="cond" truecount="1" falsecount="0"/>
      <line num="11" count="2" type="stmt"/>
      <line num="13" count="31" type="cond" truecount="3" falsecount="0"/>
      <line num="14" count="6" type="cond" truecount="1" falsecount="0"/>
      <line num="15" count="1" type="stmt"/>
      <line num="17" count="5" type="stmt"/>
      <line num="18" count="12" type="cond" truecount="1" falsecount="0"/>
      <line num="19" count="2" type="stmt"/>
      <line num="22" count="3" type="stmt"/>
      <line num="24" count="25" type="cond" truecount="3" falsecount="0"/>
      <line num="25" count="17" type="cond" truecount="3" falsecount="0"/>
      <line num="26" count="2" type="stmt"/>
      <line num="28" count="15" type="cond" truecount="0" falsecount="1"/>
      <line num="29" count="0" type="stmt"/>
      <line num="31" count="15" type="stmt"/>
      <line num="32" count="20" type="cond" truecount="1" falsecount="0"/>
      <line num="33" count="1" type="stmt"/>
      <line num="35" count="19" type="cond" truecount="1" falsecount="0"/>
      <line num="36" count="7" type="stmt"/>
      <line num="39" count="7" type="stmt"/>
      <line num="41" count="8" type="stmt"/>
    </file>
    <file name="deep-copy.ts" path="/Users/muthumathiyazhagan/Projects/live2ai-dashboard/src/utils/deep-copy.ts">
      <metrics statements="13" coveredstatements="13" conditionals="6" coveredconditionals="6" methods="3" coveredmethods="3"/>
      <line num="2" count="8" type="stmt"/>
      <line num="3" count="30" type="cond" truecount="3" falsecount="0"/>
      <line num="4" count="19" type="stmt"/>
      <line num="7" count="11" type="cond" truecount="1" falsecount="0"/>
      <line num="8" count="2" type="stmt"/>
      <line num="11" count="9" type="cond" truecount="1" falsecount="0"/>
      <line num="12" count="3" type="stmt"/>
      <line num="13" count="8" type="stmt"/>
      <line num="14" count="8" type="stmt"/>
      <line num="18" count="6" type="cond" truecount="1" falsecount="0"/>
      <line num="19" count="6" type="stmt"/>
      <line num="20" count="14" type="stmt"/>
      <line num="21" count="14" type="stmt"/>
    </file>
    <file name="download-file-from-url.ts" path="/Users/muthumathiyazhagan/Projects/live2ai-dashboard/src/utils/download-file-from-url.ts">
      <metrics statements="14" coveredstatements="14" conditionals="0" coveredconditionals="0" methods="4" coveredmethods="4"/>
      <line num="1" count="1" type="stmt"/>
      <line num="3" count="2" type="stmt"/>
      <line num="4" count="2" type="stmt"/>
      <line num="5" count="1" type="stmt"/>
      <line num="7" count="1" type="stmt"/>
      <line num="8" count="1" type="stmt"/>
      <line num="9" count="1" type="stmt"/>
      <line num="10" count="1" type="stmt"/>
      <line num="11" count="1" type="stmt"/>
      <line num="12" count="1" type="stmt"/>
      <line num="13" count="1" type="stmt"/>
      <line num="14" count="1" type="stmt"/>
      <line num="15" count="1" type="stmt"/>
      <line num="17" count="1" type="stmt"/>
    </file>
    <file name="file-to-base64.ts" path="/Users/muthumathiyazhagan/Projects/live2ai-dashboard/src/utils/file-to-base64.ts">
      <metrics statements="6" coveredstatements="6" conditionals="0" coveredconditionals="0" methods="4" coveredmethods="4"/>
      <line num="1" count="2" type="stmt"/>
      <line num="2" count="2" type="stmt"/>
      <line num="3" count="2" type="stmt"/>
      <line num="4" count="2" type="stmt"/>
      <line num="5" count="2" type="stmt"/>
      <line num="6" count="2" type="stmt"/>
    </file>
    <file name="file-upload.ts" path="/Users/muthumathiyazhagan/Projects/live2ai-dashboard/src/utils/file-upload.ts">
      <metrics statements="38" coveredstatements="35" conditionals="11" coveredconditionals="7" methods="6" coveredmethods="6"/>
      <line num="2" count="1" type="stmt"/>
      <line num="3" count="1" type="stmt"/>
      <line num="4" count="1" type="stmt"/>
      <line num="6" count="1" type="stmt"/>
      <line num="38" count="1" type="stmt"/>
      <line num="39" count="7" type="cond" truecount="1" falsecount="1"/>
      <line num="42" count="4" type="stmt"/>
      <line num="44" count="11" type="stmt"/>
      <line num="46" count="11" type="cond" truecount="1" falsecount="0"/>
      <line num="47" count="9" type="stmt"/>
      <line num="50" count="2" type="stmt"/>
      <line num="53" count="1" type="stmt"/>
      <line num="57" count="1" type="stmt"/>
      <line num="58" count="1" type="cond" truecount="0" falsecount="1"/>
      <line num="59" count="0" type="stmt"/>
      <line num="62" count="1" type="stmt"/>
      <line num="64" count="1" type="stmt"/>
      <line num="66" count="1" type="stmt"/>
      <line num="69" count="1" type="stmt"/>
      <line num="73" count="1" type="stmt"/>
      <line num="75" count="1" type="cond" truecount="0" falsecount="1"/>
      <line num="76" count="0" type="stmt"/>
      <line num="79" count="1" type="stmt"/>
      <line num="81" count="1" type="stmt"/>
      <line num="86" count="1" type="stmt"/>
      <line num="89" count="5" type="stmt"/>
      <line num="90" count="5" type="stmt"/>
      <line num="92" count="5" type="cond" truecount="0" falsecount="1"/>
      <line num="93" count="0" type="stmt"/>
      <line num="96" count="5" type="stmt"/>
      <line num="98" count="5" type="cond" truecount="5" falsecount="0"/>
      <line num="100" count="1" type="stmt"/>
      <line num="103" count="1" type="stmt"/>
      <line num="106" count="1" type="stmt"/>
      <line num="109" count="1" type="stmt"/>
      <line num="112" count="1" type="stmt"/>
      <line num="117" count="1" type="stmt"/>
      <line num="118" count="1" type="stmt"/>
    </file>
    <file name="filter-unique.ts" path="/Users/muthumathiyazhagan/Projects/live2ai-dashboard/src/utils/filter-unique.ts">
      <metrics statements="8" coveredstatements="8" conditionals="2" coveredconditionals="2" methods="6" coveredmethods="6"/>
      <line num="1" count="3" type="stmt"/>
      <line num="2" count="3" type="stmt"/>
      <line num="3" count="14" type="stmt"/>
      <line num="4" count="58" type="cond" truecount="2" falsecount="0"/>
      <line num="9" count="4" type="stmt"/>
      <line num="12" count="1" type="stmt"/>
      <line num="13" count="4" type="stmt"/>
      <line num="14" count="34" type="stmt"/>
    </file>
    <file name="format-currency.ts" path="/Users/muthumathiyazhagan/Projects/live2ai-dashboard/src/utils/format-currency.ts">
      <metrics statements="5" coveredstatements="5" conditionals="3" coveredconditionals="3" methods="1" coveredmethods="1"/>
      <line num="1" count="1" type="stmt"/>
      <line num="2" count="1" type="stmt"/>
      <line num="4" count="7" type="stmt"/>
      <line num="14" count="7" type="stmt"/>
      <line num="16" count="7" type="cond" truecount="2" falsecount="0"/>
    </file>
    <file name="get-initials.ts" path="/Users/muthumathiyazhagan/Projects/live2ai-dashboard/src/utils/get-initials.ts">
      <metrics statements="3" coveredstatements="3" conditionals="3" coveredconditionals="2" methods="2" coveredmethods="2"/>
      <line num="1" count="9" type="cond" truecount="0" falsecount="1"/>
      <line num="2" count="9" type="stmt"/>
      <line num="6" count="15" type="cond" truecount="2" falsecount="0"/>
    </file>
    <file name="get-media-serving-url.ts" path="/Users/muthumathiyazhagan/Projects/live2ai-dashboard/src/utils/get-media-serving-url.ts">
      <metrics statements="32" coveredstatements="32" conditionals="24" coveredconditionals="22" methods="6" coveredmethods="6"/>
      <line num="5" count="1" type="cond" truecount="2" falsecount="0"/>
      <line num="21" count="1" type="stmt"/>
      <line num="39" count="4" type="stmt"/>
      <line num="44" count="4" type="cond" truecount="1" falsecount="0"/>
      <line num="45" count="1" type="stmt"/>
      <line num="49" count="3" type="cond" truecount="2" falsecount="0"/>
      <line num="51" count="3" type="cond" truecount="1" falsecount="0"/>
      <line num="52" count="1" type="stmt"/>
      <line num="55" count="2" type="cond" truecount="1" falsecount="0"/>
      <line num="58" count="1" type="stmt"/>
      <line num="65" count="2" type="cond" truecount="1" falsecount="0"/>
      <line num="66" count="1" type="stmt"/>
      <line num="69" count="2" type="cond" truecount="1" falsecount="0"/>
      <line num="70" count="1" type="stmt"/>
      <line num="73" count="2" type="cond" truecount="1" falsecount="0"/>
      <line num="74" count="1" type="stmt"/>
      <line num="77" count="2" type="stmt"/>
      <line num="80" count="2" type="cond" truecount="1" falsecount="0"/>
      <line num="81" count="2" type="cond" truecount="1" falsecount="0"/>
      <line num="84" count="1" type="stmt"/>
      <line num="87" count="1" type="stmt"/>
      <line num="95" count="2" type="stmt"/>
      <line num="96" count="2" type="cond" truecount="1" falsecount="0"/>
      <line num="97" count="1" type="stmt"/>
      <line num="100" count="1" type="stmt"/>
      <line num="108" count="2" type="stmt"/>
      <line num="109" count="2" type="cond" truecount="1" falsecount="0"/>
      <line num="110" count="1" type="stmt"/>
      <line num="113" count="1" type="stmt"/>
      <line num="121" count="2" type="stmt"/>
      <line num="122" count="2" type="cond" truecount="2" falsecount="0"/>
      <line num="124" count="2" type="stmt"/>
    </file>
    <file name="get-media.ts" path="/Users/muthumathiyazhagan/Projects/live2ai-dashboard/src/utils/get-media.ts">
      <metrics statements="27" coveredstatements="27" conditionals="10" coveredconditionals="10" methods="7" coveredmethods="7"/>
      <line num="1" count="1" type="stmt"/>
      <line num="8" count="4" type="stmt"/>
      <line num="9" count="4" type="cond" truecount="1" falsecount="0"/>
      <line num="10" count="3" type="stmt"/>
      <line num="11" count="4" type="stmt"/>
      <line num="13" count="3" type="stmt"/>
      <line num="14" count="4" type="stmt"/>
      <line num="16" count="3" type="stmt"/>
      <line num="17" count="6" type="stmt"/>
      <line num="19" count="3" type="cond" truecount="2" falsecount="0"/>
      <line num="20" count="1" type="stmt"/>
      <line num="21" count="2" type="cond" truecount="2" falsecount="0"/>
      <line num="22" count="1" type="stmt"/>
      <line num="23" count="1" type="cond" truecount="1" falsecount="0"/>
      <line num="24" count="1" type="stmt"/>
      <line num="27" count="1" type="stmt"/>
      <line num="30" count="3" type="stmt"/>
      <line num="31" count="3" type="cond" truecount="1" falsecount="0"/>
      <line num="32" count="2" type="stmt"/>
      <line num="33" count="2" type="stmt"/>
      <line num="35" count="2" type="stmt"/>
      <line num="36" count="3" type="stmt"/>
      <line num="38" count="2" type="cond" truecount="2" falsecount="0"/>
      <line num="39" count="1" type="stmt"/>
      <line num="40" count="1" type="cond" truecount="1" falsecount="0"/>
      <line num="41" count="1" type="stmt"/>
      <line num="44" count="1" type="stmt"/>
    </file>
    <file name="get-random-int.ts" path="/Users/muthumathiyazhagan/Projects/live2ai-dashboard/src/utils/get-random-int.ts">
      <metrics statements="4" coveredstatements="4" conditionals="0" coveredconditionals="0" methods="1" coveredmethods="1"/>
      <line num="1" count="203" type="stmt"/>
      <line num="2" count="203" type="stmt"/>
      <line num="3" count="203" type="stmt"/>
      <line num="5" count="203" type="stmt"/>
    </file>
    <file name="get-user-id.ts" path="/Users/muthumathiyazhagan/Projects/live2ai-dashboard/src/utils/get-user-id.ts">
      <metrics statements="5" coveredstatements="0" conditionals="1" coveredconditionals="0" methods="1" coveredmethods="0"/>
      <line num="3" count="0" type="stmt"/>
      <line num="4" count="0" type="stmt"/>
      <line num="6" count="0" type="cond" truecount="0" falsecount="1"/>
      <line num="7" count="0" type="stmt"/>
      <line num="10" count="0" type="stmt"/>
    </file>
    <file name="jwt.ts" path="/Users/muthumathiyazhagan/Projects/live2ai-dashboard/src/utils/jwt.ts">
      <metrics statements="34" coveredstatements="30" conditionals="4" coveredconditionals="0" methods="6" coveredmethods="6"/>
      <line num="2" count="2" type="stmt"/>
      <line num="3" count="1" type="stmt"/>
      <line num="9" count="2" type="stmt"/>
      <line num="14" count="2" type="stmt"/>
      <line num="15" count="2" type="stmt"/>
      <line num="16" count="2" type="stmt"/>
      <line num="17" count="2" type="stmt"/>
      <line num="18" count="2" type="stmt"/>
      <line num="21" count="80" type="stmt"/>
      <line num="26" count="2" type="stmt"/>
      <line num="31" count="1" type="stmt"/>
      <line num="32" count="1" type="stmt"/>
      <line num="33" count="1" type="stmt"/>
      <line num="34" count="1" type="stmt"/>
      <line num="35" count="1" type="stmt"/>
      <line num="37" count="1" type="cond" truecount="0" falsecount="1"/>
      <line num="38" count="0" type="stmt"/>
      <line num="41" count="1" type="stmt"/>
      <line num="44" count="40" type="stmt"/>
      <line num="49" count="1" type="cond" truecount="0" falsecount="1"/>
      <line num="50" count="0" type="stmt"/>
      <line num="53" count="1" type="stmt"/>
      <line num="56" count="1" type="stmt"/>
      <line num="57" count="1" type="stmt"/>
      <line num="58" count="1" type="stmt"/>
      <line num="59" count="1" type="stmt"/>
      <line num="60" count="1" type="stmt"/>
      <line num="62" count="1" type="cond" truecount="0" falsecount="1"/>
      <line num="63" count="0" type="stmt"/>
      <line num="66" count="1" type="stmt"/>
      <line num="69" count="40" type="stmt"/>
      <line num="74" count="1" type="cond" truecount="0" falsecount="1"/>
      <line num="75" count="0" type="stmt"/>
      <line num="78" count="1" type="stmt"/>
    </file>
    <file name="merge-two-arrays.ts" path="/Users/muthumathiyazhagan/Projects/live2ai-dashboard/src/utils/merge-two-arrays.ts">
      <metrics statements="7" coveredstatements="0" conditionals="1" coveredconditionals="0" methods="3" coveredmethods="0"/>
      <line num="1" count="0" type="stmt"/>
      <line num="2" count="0" type="stmt"/>
      <line num="3" count="0" type="stmt"/>
      <line num="4" count="0" type="cond" truecount="0" falsecount="1"/>
      <line num="5" count="0" type="stmt"/>
      <line num="7" count="0" type="stmt"/>
      <line num="10" count="0" type="stmt"/>
    </file>
    <file name="obj-from-array.ts" path="/Users/muthumathiyazhagan/Projects/live2ai-dashboard/src/utils/obj-from-array.ts">
      <metrics statements="4" coveredstatements="0" conditionals="1" coveredconditionals="0" methods="2" coveredmethods="0"/>
      <line num="1" count="0" type="cond" truecount="0" falsecount="1"/>
      <line num="2" count="0" type="stmt"/>
      <line num="3" count="0" type="stmt"/>
      <line num="4" count="0" type="stmt"/>
    </file>
    <file name="set-color.ts" path="/Users/muthumathiyazhagan/Projects/live2ai-dashboard/src/utils/set-color.ts">
      <metrics statements="5" coveredstatements="0" conditionals="2" coveredconditionals="0" methods="1" coveredmethods="0"/>
      <line num="8" count="0" type="stmt"/>
      <line num="9" count="0" type="stmt"/>
      <line num="10" count="0" type="stmt"/>
      <line num="11" count="0" type="stmt"/>
      <line num="13" count="0" type="cond" truecount="0" falsecount="2"/>
    </file>
    <file name="stringUtils.ts" path="/Users/muthumathiyazhagan/Projects/live2ai-dashboard/src/utils/stringUtils.ts">
      <metrics statements="10" coveredstatements="0" conditionals="6" coveredconditionals="0" methods="4" coveredmethods="0"/>
      <line num="1" count="0" type="stmt"/>
      <line num="2" count="0" type="cond" truecount="0" falsecount="1"/>
      <line num="3" count="0" type="cond" truecount="0" falsecount="1"/>
      <line num="4" count="0" type="cond" truecount="0" falsecount="2"/>
      <line num="6" count="0" type="stmt"/>
      <line num="9" count="0" type="stmt"/>
      <line num="10" count="0" type="stmt"/>
      <line num="11" count="0" type="stmt"/>
      <line num="15" count="0" type="stmt"/>
      <line num="21" count="0" type="cond" truecount="0" falsecount="2"/>
    </file>
    <file name="timeUtil.ts" path="/Users/muthumathiyazhagan/Projects/live2ai-dashboard/src/utils/timeUtil.ts">
      <metrics statements="15" coveredstatements="0" conditionals="7" coveredconditionals="0" methods="2" coveredmethods="0"/>
      <line num="1" count="0" type="cond" truecount="0" falsecount="2"/>
      <line num="8" count="0" type="stmt"/>
      <line num="9" count="0" type="stmt"/>
      <line num="10" count="0" type="stmt"/>
      <line num="12" count="0" type="cond" truecount="0" falsecount="5"/>
      <line num="14" count="0" type="stmt"/>
      <line num="15" count="0" type="stmt"/>
      <line num="17" count="0" type="stmt"/>
      <line num="18" count="0" type="stmt"/>
      <line num="20" count="0" type="stmt"/>
      <line num="21" count="0" type="stmt"/>
      <line num="23" count="0" type="stmt"/>
      <line num="24" count="0" type="stmt"/>
      <line num="26" count="0" type="stmt"/>
      <line num="29" count="0" type="stmt"/>
    </file>
    <file name="title-case.ts" path="/Users/muthumathiyazhagan/Projects/live2ai-dashboard/src/utils/title-case.ts">
      <metrics statements="6" coveredstatements="0" conditionals="1" coveredconditionals="0" methods="1" coveredmethods="0"/>
      <line num="1" count="0" type="stmt"/>
      <line num="2" count="0" type="stmt"/>
      <line num="3" count="0" type="stmt"/>
      <line num="4" count="0" type="cond" truecount="0" falsecount="1"/>
      <line num="5" count="0" type="stmt"/>
      <line num="8" count="0" type="stmt"/>
    </file>
    <file name="wait.ts" path="/Users/muthumathiyazhagan/Projects/live2ai-dashboard/src/utils/wait.ts">
      <metrics statements="1" coveredstatements="0" conditionals="0" coveredconditionals="0" methods="2" coveredmethods="0"/>
      <line num="1" count="0" type="stmt"/>
    </file>
  </project>
</coverage>
