{"/Users/muthumathiyazhagan/Projects/live2ai-dashboard/src/utils/apply-pagination.ts": {"path":"/Users/muthumathiyazhagan/Projects/live2ai-dashboard/src/utils/apply-pagination.ts","statementMap":{"0":{"start":{"line":3,"column":16},"end":{"line":3,"column":null}},"1":{"start":{"line":8,"column":19},"end":{"line":8,"column":50}},"2":{"start":{"line":9,"column":26},"end":{"line":9,"column":64}},"3":{"start":{"line":10,"column":2},"end":{"line":10,"column":null}}},"fnMap":{"0":{"name":"applyPagination","decl":{"start":{"line":3,"column":16},"end":{"line":3,"column":null}},"loc":{"start":{"line":6,"column":21},"end":{"line":11,"column":null}}}},"branchMap":{},"s":{"0":11,"1":11,"2":11,"3":11},"f":{"0":11},"b":{}}
,"/Users/muthumathiyazhagan/Projects/live2ai-dashboard/src/utils/apply-sort.ts": {"path":"/Users/muthumathiyazhagan/Projects/live2ai-dashboard/src/utils/apply-sort.ts","statementMap":{"0":{"start":{"line":24,"column":16},"end":{"line":24,"column":null}},"1":{"start":{"line":7,"column":2},"end":{"line":9,"column":null}},"2":{"start":{"line":8,"column":4},"end":{"line":8,"column":null}},"3":{"start":{"line":11,"column":2},"end":{"line":13,"column":null}},"4":{"start":{"line":12,"column":4},"end":{"line":12,"column":null}},"5":{"start":{"line":15,"column":2},"end":{"line":15,"column":null}},"6":{"start":{"line":19,"column":2},"end":{"line":21,"column":null}},"7":{"start":{"line":20,"column":36},"end":{"line":20,"column":null}},"8":{"start":{"line":21,"column":36},"end":{"line":21,"column":null}},"9":{"start":{"line":29,"column":21},"end":{"line":29,"column":null}},"10":{"start":{"line":30,"column":25},"end":{"line":30,"column":null}},"11":{"start":{"line":30,"column":54},"end":{"line":30,"column":null}},"12":{"start":{"line":32,"column":2},"end":{"line":42,"column":null}},"13":{"start":{"line":34,"column":21},"end":{"line":34,"column":null}},"14":{"start":{"line":36,"column":4},"end":{"line":38,"column":null}},"15":{"start":{"line":37,"column":6},"end":{"line":37,"column":null}},"16":{"start":{"line":41,"column":4},"end":{"line":41,"column":null}},"17":{"start":{"line":45,"column":2},"end":{"line":45,"column":null}},"18":{"start":{"line":45,"column":36},"end":{"line":45,"column":41}}},"fnMap":{"0":{"name":"descendingComparator","decl":{"start":{"line":3,"column":9},"end":{"line":3,"column":30}},"loc":{"start":{"line":3,"column":70},"end":{"line":16,"column":null}}},"1":{"name":"getComparator","decl":{"start":{"line":18,"column":9},"end":{"line":18,"column":23}},"loc":{"start":{"line":18,"column":54},"end":{"line":22,"column":null}}},"2":{"name":"(anonymous_3)","decl":{"start":{"line":20,"column":6},"end":{"line":20,"column":7}},"loc":{"start":{"line":20,"column":36},"end":{"line":20,"column":null}}},"3":{"name":"(anonymous_4)","decl":{"start":{"line":21,"column":6},"end":{"line":21,"column":7}},"loc":{"start":{"line":21,"column":36},"end":{"line":21,"column":null}}},"4":{"name":"applySort","decl":{"start":{"line":24,"column":16},"end":{"line":24,"column":null}},"loc":{"start":{"line":27,"column":25},"end":{"line":46,"column":null}}},"5":{"name":"(anonymous_6)","decl":{"start":{"line":30,"column":39},"end":{"line":30,"column":40}},"loc":{"start":{"line":30,"column":54},"end":{"line":30,"column":null}}},"6":{"name":"(anonymous_7)","decl":{"start":{"line":32,"column":22},"end":{"line":32,"column":23}},"loc":{"start":{"line":32,"column":26},"end":{"line":42,"column":null}}},"7":{"name":"(anonymous_8)","decl":{"start":{"line":45,"column":28},"end":{"line":45,"column":29}},"loc":{"start":{"line":45,"column":36},"end":{"line":45,"column":41}}}},"branchMap":{"0":{"loc":{"start":{"line":7,"column":2},"end":{"line":9,"column":null}},"type":"if","locations":[{"start":{"line":7,"column":2},"end":{"line":9,"column":null}}]},"1":{"loc":{"start":{"line":11,"column":2},"end":{"line":13,"column":null}},"type":"if","locations":[{"start":{"line":11,"column":2},"end":{"line":13,"column":null}}]},"2":{"loc":{"start":{"line":19,"column":9},"end":{"line":21,"column":null}},"type":"cond-expr","locations":[{"start":{"line":20,"column":6},"end":{"line":20,"column":null}},{"start":{"line":21,"column":6},"end":{"line":21,"column":null}}]},"3":{"loc":{"start":{"line":36,"column":4},"end":{"line":38,"column":null}},"type":"if","locations":[{"start":{"line":36,"column":4},"end":{"line":38,"column":null}}]}},"s":{"0":9,"1":8662,"2":4146,"3":4516,"4":4508,"5":8,"6":9,"7":11,"8":8651,"9":9,"10":9,"11":1027,"12":9,"13":8662,"14":8662,"15":8654,"16":8,"17":9,"18":1027},"f":{"0":8662,"1":9,"2":11,"3":8651,"4":9,"5":1027,"6":8662,"7":1027},"b":{"0":[4146],"1":[4508],"2":[2,7],"3":[8654]}}
,"/Users/muthumathiyazhagan/Projects/live2ai-dashboard/src/utils/auth.ts": {"path":"/Users/muthumathiyazhagan/Projects/live2ai-dashboard/src/utils/auth.ts","statementMap":{"0":{"start":{"line":1,"column":12},"end":{"line":1,"column":null}}},"fnMap":{"0":{"name":"(anonymous_1)","decl":{"start":{"line":1,"column":12},"end":{"line":1,"column":null}},"loc":{"start":{"line":1,"column":12},"end":{"line":1,"column":null}}}},"branchMap":{"0":{"loc":{"start":{"line":1,"column":12},"end":{"line":1,"column":null}},"type":"binary-expr","locations":[{"start":{"line":1,"column":12},"end":{"line":1,"column":null}},{"start":{"line":1,"column":12},"end":{"line":1,"column":null}}]}},"s":{"0":1},"f":{"0":1},"b":{"0":[1,1]}}
,"/Users/muthumathiyazhagan/Projects/live2ai-dashboard/src/utils/bytes-to-size.ts": {"path":"/Users/muthumathiyazhagan/Projects/live2ai-dashboard/src/utils/bytes-to-size.ts","statementMap":{"0":{"start":{"line":2,"column":13},"end":{"line":2,"column":27}},"1":{"start":{"line":2,"column":27},"end":{"line":13,"column":null}},"2":{"start":{"line":3,"column":2},"end":{"line":5,"column":null}},"3":{"start":{"line":4,"column":4},"end":{"line":4,"column":null}},"4":{"start":{"line":7,"column":12},"end":{"line":7,"column":null}},"5":{"start":{"line":8,"column":13},"end":{"line":8,"column":null}},"6":{"start":{"line":9,"column":16},"end":{"line":9,"column":null}},"7":{"start":{"line":10,"column":12},"end":{"line":10,"column":null}},"8":{"start":{"line":12,"column":2},"end":{"line":12,"column":null}}},"fnMap":{"0":{"name":"(anonymous_1)","decl":{"start":{"line":2,"column":27},"end":{"line":2,"column":28}},"loc":{"start":{"line":2,"column":55},"end":{"line":13,"column":null}}}},"branchMap":{"0":{"loc":{"start":{"line":2,"column":43},"end":{"line":2,"column":55}},"type":"default-arg","locations":[{"start":{"line":2,"column":54},"end":{"line":2,"column":55}}]},"1":{"loc":{"start":{"line":3,"column":2},"end":{"line":5,"column":null}},"type":"if","locations":[{"start":{"line":3,"column":2},"end":{"line":5,"column":null}}]},"2":{"loc":{"start":{"line":8,"column":13},"end":{"line":8,"column":null}},"type":"cond-expr","locations":[{"start":{"line":8,"column":28},"end":{"line":8,"column":32}},{"start":{"line":8,"column":32},"end":{"line":8,"column":null}}]}},"s":{"0":12,"1":1,"2":12,"3":1,"4":11,"5":11,"6":11,"7":11,"8":11},"f":{"0":12},"b":{"0":[7],"1":[1],"2":[1,10]}}
,"/Users/muthumathiyazhagan/Projects/live2ai-dashboard/src/utils/code-style.ts": {"path":"/Users/muthumathiyazhagan/Projects/live2ai-dashboard/src/utils/code-style.ts","statementMap":{"0":{"start":{"line":3,"column":13},"end":{"line":3,"column":30}},"1":{"start":{"line":1,"column":24},"end":{"line":1,"column":null}},"2":{"start":{"line":3,"column":30},"end":{"line":158,"column":null}}},"fnMap":{},"branchMap":{},"s":{"0":17,"1":1,"2":1},"f":{},"b":{}}
,"/Users/muthumathiyazhagan/Projects/live2ai-dashboard/src/utils/create-emotion-cache.ts": {"path":"/Users/muthumathiyazhagan/Projects/live2ai-dashboard/src/utils/create-emotion-cache.ts","statementMap":{"0":{"start":{"line":3,"column":13},"end":{"line":3,"column":34}},"1":{"start":{"line":1,"column":24},"end":{"line":1,"column":null}},"2":{"start":{"line":3,"column":34},"end":{"line":5,"column":null}},"3":{"start":{"line":4,"column":2},"end":{"line":4,"column":null}}},"fnMap":{"0":{"name":"(anonymous_2)","decl":{"start":{"line":3,"column":34},"end":{"line":3,"column":null}},"loc":{"start":{"line":3,"column":34},"end":{"line":5,"column":null}}}},"branchMap":{},"s":{"0":3,"1":1,"2":1,"3":3},"f":{"0":3},"b":{}}
,"/Users/muthumathiyazhagan/Projects/live2ai-dashboard/src/utils/create-public-id.ts": {"path":"/Users/muthumathiyazhagan/Projects/live2ai-dashboard/src/utils/create-public-id.ts","statementMap":{"0":{"start":{"line":3,"column":13},"end":{"line":3,"column":30}},"1":{"start":{"line":1,"column":31},"end":{"line":1,"column":null}},"2":{"start":{"line":3,"column":30},"end":{"line":5,"column":null}},"3":{"start":{"line":4,"column":2},"end":{"line":4,"column":null}}},"fnMap":{"0":{"name":"(anonymous_1)","decl":{"start":{"line":3,"column":30},"end":{"line":3,"column":31}},"loc":{"start":{"line":3,"column":50},"end":{"line":5,"column":null}}}},"branchMap":{"0":{"loc":{"start":{"line":3,"column":31},"end":{"line":3,"column":50}},"type":"default-arg","locations":[{"start":{"line":3,"column":48},"end":{"line":3,"column":50}}]}},"s":{"0":3,"1":1,"2":1,"3":3},"f":{"0":3},"b":{"0":[2]}}
,"/Users/muthumathiyazhagan/Projects/live2ai-dashboard/src/utils/create-resource-id.ts": {"path":"/Users/muthumathiyazhagan/Projects/live2ai-dashboard/src/utils/create-resource-id.ts","statementMap":{"0":{"start":{"line":1,"column":13},"end":{"line":1,"column":32}},"1":{"start":{"line":1,"column":32},"end":{"line":5,"column":null}},"2":{"start":{"line":2,"column":14},"end":{"line":2,"column":null}},"3":{"start":{"line":3,"column":2},"end":{"line":3,"column":null}},"4":{"start":{"line":4,"column":2},"end":{"line":4,"column":null}},"5":{"start":{"line":4,"column":32},"end":{"line":4,"column":65}}},"fnMap":{"0":{"name":"(anonymous_1)","decl":{"start":{"line":1,"column":32},"end":{"line":1,"column":null}},"loc":{"start":{"line":1,"column":32},"end":{"line":5,"column":null}}},"1":{"name":"(anonymous_2)","decl":{"start":{"line":4,"column":25},"end":{"line":4,"column":26}},"loc":{"start":{"line":4,"column":32},"end":{"line":4,"column":65}}}},"branchMap":{},"s":{"0":3,"1":1,"2":3,"3":3,"4":3,"5":36},"f":{"0":3,"1":36},"b":{}}
,"/Users/muthumathiyazhagan/Projects/live2ai-dashboard/src/utils/date-locale.ts": {"path":"/Users/muthumathiyazhagan/Projects/live2ai-dashboard/src/utils/date-locale.ts","statementMap":{"0":{"start":{"line":23,"column":13},"end":{"line":23,"column":36}},"1":{"start":{"line":2,"column":19},"end":{"line":2,"column":null}},"2":{"start":{"line":4,"column":53},"end":{"line":21,"column":null}},"3":{"start":{"line":23,"column":36},"end":{"line":40,"column":null}},"4":{"start":{"line":26,"column":4},"end":{"line":26,"column":null}},"5":{"start":{"line":28,"column":19},"end":{"line":28,"column":null}},"6":{"start":{"line":30,"column":4},"end":{"line":36,"column":null}},"7":{"start":{"line":31,"column":6},"end":{"line":35,"column":null}},"8":{"start":{"line":32,"column":8},"end":{"line":32,"column":null}},"9":{"start":{"line":34,"column":8},"end":{"line":34,"column":null}},"10":{"start":{"line":38,"column":4},"end":{"line":38,"column":null}}},"fnMap":{"0":{"name":"(anonymous_2)","decl":{"start":{"line":25,"column":18},"end":{"line":25,"column":19}},"loc":{"start":{"line":25,"column":33},"end":{"line":39,"column":null}}}},"branchMap":{"0":{"loc":{"start":{"line":26,"column":14},"end":{"line":26,"column":null}},"type":"binary-expr","locations":[{"start":{"line":26,"column":14},"end":{"line":26,"column":25}},{"start":{"line":26,"column":25},"end":{"line":26,"column":null}}]},"1":{"loc":{"start":{"line":30,"column":4},"end":{"line":36,"column":null}},"type":"if","locations":[{"start":{"line":30,"column":4},"end":{"line":36,"column":null}}]},"2":{"loc":{"start":{"line":31,"column":6},"end":{"line":35,"column":null}},"type":"if","locations":[{"start":{"line":31,"column":6},"end":{"line":35,"column":null}},{"start":{"line":33,"column":13},"end":{"line":35,"column":null}}]}},"s":{"0":19,"1":1,"2":1,"3":1,"4":19,"5":19,"6":18,"7":10,"8":5,"9":5,"10":8},"f":{"0":19},"b":{"0":[19,9],"1":[10],"2":[5,5]}}
,"/Users/muthumathiyazhagan/Projects/live2ai-dashboard/src/utils/deep-compare.ts": {"path":"/Users/muthumathiyazhagan/Projects/live2ai-dashboard/src/utils/deep-compare.ts","statementMap":{"0":{"start":{"line":3,"column":16},"end":{"line":3,"column":28}},"1":{"start":{"line":1,"column":32},"end":{"line":1,"column":null}},"2":{"start":{"line":4,"column":2},"end":{"line":6,"column":null}},"3":{"start":{"line":5,"column":4},"end":{"line":5,"column":null}},"4":{"start":{"line":7,"column":2},"end":{"line":9,"column":null}},"5":{"start":{"line":8,"column":4},"end":{"line":8,"column":null}},"6":{"start":{"line":10,"column":2},"end":{"line":12,"column":null}},"7":{"start":{"line":11,"column":4},"end":{"line":11,"column":18}},"8":{"start":{"line":13,"column":2},"end":{"line":23,"column":null}},"9":{"start":{"line":14,"column":4},"end":{"line":16,"column":null}},"10":{"start":{"line":15,"column":6},"end":{"line":15,"column":null}},"11":{"start":{"line":17,"column":4},"end":{"line":21,"column":null}},"12":{"start":{"line":17,"column":17},"end":{"line":17,"column":20}},"13":{"start":{"line":18,"column":6},"end":{"line":20,"column":null}},"14":{"start":{"line":19,"column":8},"end":{"line":19,"column":null}},"15":{"start":{"line":22,"column":4},"end":{"line":22,"column":null}},"16":{"start":{"line":24,"column":2},"end":{"line":40,"column":null}},"17":{"start":{"line":25,"column":4},"end":{"line":27,"column":null}},"18":{"start":{"line":26,"column":6},"end":{"line":26,"column":null}},"19":{"start":{"line":28,"column":4},"end":{"line":30,"column":null}},"20":{"start":{"line":29,"column":6},"end":{"line":29,"column":null}},"21":{"start":{"line":31,"column":4},"end":{"line":38,"column":null}},"22":{"start":{"line":32,"column":6},"end":{"line":34,"column":null}},"23":{"start":{"line":33,"column":8},"end":{"line":33,"column":null}},"24":{"start":{"line":35,"column":6},"end":{"line":37,"column":null}},"25":{"start":{"line":36,"column":8},"end":{"line":36,"column":null}},"26":{"start":{"line":39,"column":4},"end":{"line":39,"column":null}},"27":{"start":{"line":41,"column":2},"end":{"line":41,"column":null}}},"fnMap":{"0":{"name":"deepCompare","decl":{"start":{"line":3,"column":16},"end":{"line":3,"column":28}},"loc":{"start":{"line":3,"column":52},"end":{"line":42,"column":null}}}},"branchMap":{"0":{"loc":{"start":{"line":4,"column":2},"end":{"line":6,"column":null}},"type":"if","locations":[{"start":{"line":4,"column":2},"end":{"line":6,"column":null}}]},"1":{"loc":{"start":{"line":7,"column":2},"end":{"line":9,"column":null}},"type":"if","locations":[{"start":{"line":7,"column":2},"end":{"line":9,"column":null}}]},"2":{"loc":{"start":{"line":7,"column":6},"end":{"line":7,"column":40}},"type":"binary-expr","locations":[{"start":{"line":7,"column":6},"end":{"line":7,"column":24}},{"start":{"line":7,"column":24},"end":{"line":7,"column":40}}]},"3":{"loc":{"start":{"line":10,"column":2},"end":{"line":12,"column":null}},"type":"if","locations":[{"start":{"line":10,"column":2},"end":{"line":12,"column":null}}]},"4":{"loc":{"start":{"line":13,"column":2},"end":{"line":23,"column":null}},"type":"if","locations":[{"start":{"line":13,"column":2},"end":{"line":23,"column":null}}]},"5":{"loc":{"start":{"line":13,"column":6},"end":{"line":13,"column":54}},"type":"binary-expr","locations":[{"start":{"line":13,"column":6},"end":{"line":13,"column":31}},{"start":{"line":13,"column":31},"end":{"line":13,"column":54}}]},"6":{"loc":{"start":{"line":14,"column":4},"end":{"line":16,"column":null}},"type":"if","locations":[{"start":{"line":14,"column":4},"end":{"line":16,"column":null}}]},"7":{"loc":{"start":{"line":18,"column":6},"end":{"line":20,"column":null}},"type":"if","locations":[{"start":{"line":18,"column":6},"end":{"line":20,"column":null}}]},"8":{"loc":{"start":{"line":24,"column":2},"end":{"line":40,"column":null}},"type":"if","locations":[{"start":{"line":24,"column":2},"end":{"line":40,"column":null}}]},"9":{"loc":{"start":{"line":24,"column":6},"end":{"line":24,"column":64}},"type":"binary-expr","locations":[{"start":{"line":24,"column":6},"end":{"line":24,"column":36}},{"start":{"line":24,"column":36},"end":{"line":24,"column":64}}]},"10":{"loc":{"start":{"line":25,"column":4},"end":{"line":27,"column":null}},"type":"if","locations":[{"start":{"line":25,"column":4},"end":{"line":27,"column":null}}]},"11":{"loc":{"start":{"line":25,"column":8},"end":{"line":25,"column":44}},"type":"binary-expr","locations":[{"start":{"line":25,"column":8},"end":{"line":25,"column":27}},{"start":{"line":25,"column":27},"end":{"line":25,"column":44}}]},"12":{"loc":{"start":{"line":28,"column":4},"end":{"line":30,"column":null}},"type":"if","locations":[{"start":{"line":28,"column":4},"end":{"line":30,"column":null}}]},"13":{"loc":{"start":{"line":32,"column":6},"end":{"line":34,"column":null}},"type":"if","locations":[{"start":{"line":32,"column":6},"end":{"line":34,"column":null}}]},"14":{"loc":{"start":{"line":35,"column":6},"end":{"line":37,"column":null}},"type":"if","locations":[{"start":{"line":35,"column":6},"end":{"line":37,"column":null}}]}},"s":{"0":25,"1":1,"2":56,"3":21,"4":35,"5":2,"6":33,"7":2,"8":31,"9":6,"10":1,"11":5,"12":5,"13":12,"14":2,"15":3,"16":25,"17":17,"18":2,"19":15,"20":0,"21":15,"22":20,"23":1,"24":19,"25":7,"26":7,"27":8},"f":{"0":56},"b":{"0":[21],"1":[2],"2":[35,2],"3":[2],"4":[6],"5":[31,6],"6":[1],"7":[2],"8":[17],"9":[25,18],"10":[2],"11":[17,16],"12":[0],"13":[1],"14":[7]}}
,"/Users/muthumathiyazhagan/Projects/live2ai-dashboard/src/utils/deep-copy.ts": {"path":"/Users/muthumathiyazhagan/Projects/live2ai-dashboard/src/utils/deep-copy.ts","statementMap":{"0":{"start":{"line":2,"column":16},"end":{"line":2,"column":25}},"1":{"start":{"line":3,"column":2},"end":{"line":5,"column":null}},"2":{"start":{"line":4,"column":4},"end":{"line":4,"column":null}},"3":{"start":{"line":7,"column":2},"end":{"line":9,"column":null}},"4":{"start":{"line":8,"column":4},"end":{"line":8,"column":null}},"5":{"start":{"line":11,"column":2},"end":{"line":16,"column":null}},"6":{"start":{"line":12,"column":4},"end":{"line":15,"column":null}},"7":{"start":{"line":13,"column":6},"end":{"line":13,"column":null}},"8":{"start":{"line":14,"column":6},"end":{"line":14,"column":null}},"9":{"start":{"line":18,"column":2},"end":{"line":23,"column":null}},"10":{"start":{"line":19,"column":4},"end":{"line":22,"column":null}},"11":{"start":{"line":20,"column":6},"end":{"line":20,"column":null}},"12":{"start":{"line":21,"column":6},"end":{"line":21,"column":null}}},"fnMap":{"0":{"name":"deepCopy","decl":{"start":{"line":2,"column":16},"end":{"line":2,"column":25}},"loc":{"start":{"line":2,"column":33},"end":{"line":24,"column":null}}},"1":{"name":"(anonymous_2)","decl":{"start":{"line":12,"column":22},"end":{"line":12,"column":23}},"loc":{"start":{"line":12,"column":34},"end":{"line":15,"column":7}}},"2":{"name":"(anonymous_3)","decl":{"start":{"line":19,"column":35},"end":{"line":19,"column":36}},"loc":{"start":{"line":19,"column":49},"end":{"line":22,"column":7}}}},"branchMap":{"0":{"loc":{"start":{"line":3,"column":2},"end":{"line":5,"column":null}},"type":"if","locations":[{"start":{"line":3,"column":2},"end":{"line":5,"column":null}}]},"1":{"loc":{"start":{"line":3,"column":6},"end":{"line":3,"column":47}},"type":"binary-expr","locations":[{"start":{"line":3,"column":6},"end":{"line":3,"column":33}},{"start":{"line":3,"column":33},"end":{"line":3,"column":47}}]},"2":{"loc":{"start":{"line":7,"column":2},"end":{"line":9,"column":null}},"type":"if","locations":[{"start":{"line":7,"column":2},"end":{"line":9,"column":null}}]},"3":{"loc":{"start":{"line":11,"column":2},"end":{"line":16,"column":null}},"type":"if","locations":[{"start":{"line":11,"column":2},"end":{"line":16,"column":null}}]},"4":{"loc":{"start":{"line":18,"column":2},"end":{"line":23,"column":null}},"type":"if","locations":[{"start":{"line":18,"column":2},"end":{"line":23,"column":null}}]}},"s":{"0":8,"1":30,"2":19,"3":11,"4":2,"5":9,"6":3,"7":8,"8":8,"9":6,"10":6,"11":14,"12":14},"f":{"0":30,"1":8,"2":14},"b":{"0":[19],"1":[30,13],"2":[2],"3":[3],"4":[6]}}
,"/Users/muthumathiyazhagan/Projects/live2ai-dashboard/src/utils/download-file-from-url.ts": {"path":"/Users/muthumathiyazhagan/Projects/live2ai-dashboard/src/utils/download-file-from-url.ts","statementMap":{"0":{"start":{"line":3,"column":16},"end":{"line":3,"column":36}},"1":{"start":{"line":1,"column":18},"end":{"line":1,"column":null}},"2":{"start":{"line":4,"column":2},"end":{"line":17,"column":null}},"3":{"start":{"line":5,"column":24},"end":{"line":5,"column":null}},"4":{"start":{"line":7,"column":16},"end":{"line":7,"column":null}},"5":{"start":{"line":8,"column":18},"end":{"line":8,"column":null}},"6":{"start":{"line":9,"column":6},"end":{"line":9,"column":null}},"7":{"start":{"line":10,"column":6},"end":{"line":10,"column":null}},"8":{"start":{"line":11,"column":6},"end":{"line":11,"column":null}},"9":{"start":{"line":12,"column":6},"end":{"line":12,"column":null}},"10":{"start":{"line":13,"column":6},"end":{"line":13,"column":null}},"11":{"start":{"line":14,"column":6},"end":{"line":14,"column":null}},"12":{"start":{"line":15,"column":6},"end":{"line":15,"column":null}},"13":{"start":{"line":17,"column":22},"end":{"line":17,"column":null}}},"fnMap":{"0":{"name":"downloadFileFromUrl","decl":{"start":{"line":3,"column":16},"end":{"line":3,"column":36}},"loc":{"start":{"line":3,"column":65},"end":{"line":18,"column":null}}},"1":{"name":"(anonymous_3)","decl":{"start":{"line":5,"column":10},"end":{"line":5,"column":11}},"loc":{"start":{"line":5,"column":24},"end":{"line":5,"column":null}}},"2":{"name":"(anonymous_4)","decl":{"start":{"line":6,"column":10},"end":{"line":6,"column":11}},"loc":{"start":{"line":6,"column":11},"end":{"line":16,"column":null}}},"3":{"name":"(anonymous_5)","decl":{"start":{"line":17,"column":11},"end":{"line":17,"column":12}},"loc":{"start":{"line":17,"column":22},"end":{"line":17,"column":null}}}},"branchMap":{},"s":{"0":2,"1":1,"2":2,"3":1,"4":1,"5":1,"6":1,"7":1,"8":1,"9":1,"10":1,"11":1,"12":1,"13":1},"f":{"0":2,"1":1,"2":1,"3":1},"b":{}}
,"/Users/muthumathiyazhagan/Projects/live2ai-dashboard/src/utils/file-to-base64.ts": {"path":"/Users/muthumathiyazhagan/Projects/live2ai-dashboard/src/utils/file-to-base64.ts","statementMap":{"0":{"start":{"line":1,"column":13},"end":{"line":1,"column":28}},"1":{"start":{"line":1,"column":28},"end":{"line":7,"column":null}},"2":{"start":{"line":2,"column":2},"end":{"line":7,"column":null}},"3":{"start":{"line":3,"column":19},"end":{"line":3,"column":null}},"4":{"start":{"line":4,"column":4},"end":{"line":4,"column":null}},"5":{"start":{"line":5,"column":4},"end":{"line":5,"column":null}},"6":{"start":{"line":5,"column":26},"end":{"line":5,"column":null}},"7":{"start":{"line":6,"column":4},"end":{"line":6,"column":null}},"8":{"start":{"line":6,"column":32},"end":{"line":6,"column":null}}},"fnMap":{"0":{"name":"(anonymous_1)","decl":{"start":{"line":1,"column":28},"end":{"line":1,"column":29}},"loc":{"start":{"line":2,"column":2},"end":{"line":7,"column":null}}},"1":{"name":"(anonymous_2)","decl":{"start":{"line":2,"column":14},"end":{"line":2,"column":15}},"loc":{"start":{"line":2,"column":24},"end":{"line":7,"column":null}}},"2":{"name":"(anonymous_3)","decl":{"start":{"line":5,"column":20},"end":{"line":5,"column":26}},"loc":{"start":{"line":5,"column":26},"end":{"line":5,"column":null}}},"3":{"name":"(anonymous_4)","decl":{"start":{"line":6,"column":21},"end":{"line":6,"column":22}},"loc":{"start":{"line":6,"column":32},"end":{"line":6,"column":null}}}},"branchMap":{},"s":{"0":2,"1":1,"2":2,"3":2,"4":2,"5":2,"6":1,"7":2,"8":1},"f":{"0":2,"1":2,"2":1,"3":1},"b":{}}
,"/Users/muthumathiyazhagan/Projects/live2ai-dashboard/src/utils/file-upload.ts": {"path":"/Users/muthumathiyazhagan/Projects/live2ai-dashboard/src/utils/file-upload.ts","statementMap":{"0":{"start":{"line":117,"column":16},"end":{"line":117,"column":32}},"1":{"start":{"line":89,"column":13},"end":{"line":89,"column":25}},"2":{"start":{"line":38,"column":13},"end":{"line":38,"column":29}},"3":{"start":{"line":42,"column":13},"end":{"line":42,"column":24}},"4":{"start":{"line":69,"column":13},"end":{"line":69,"column":24}},"5":{"start":{"line":53,"column":13},"end":{"line":53,"column":31}},"6":{"start":{"line":2,"column":26},"end":{"line":2,"column":null}},"7":{"start":{"line":3,"column":19},"end":{"line":3,"column":null}},"8":{"start":{"line":4,"column":54},"end":{"line":4,"column":null}},"9":{"start":{"line":6,"column":48},"end":{"line":36,"column":null}},"10":{"start":{"line":38,"column":32},"end":{"line":40,"column":null}},"11":{"start":{"line":39,"column":2},"end":{"line":39,"column":null}},"12":{"start":{"line":42,"column":27},"end":{"line":51,"column":null}},"13":{"start":{"line":44,"column":29},"end":{"line":44,"column":null}},"14":{"start":{"line":46,"column":2},"end":{"line":48,"column":null}},"15":{"start":{"line":47,"column":4},"end":{"line":47,"column":null}},"16":{"start":{"line":50,"column":2},"end":{"line":50,"column":null}},"17":{"start":{"line":53,"column":34},"end":{"line":67,"column":null}},"18":{"start":{"line":57,"column":24},"end":{"line":57,"column":null}},"19":{"start":{"line":58,"column":2},"end":{"line":60,"column":null}},"20":{"start":{"line":59,"column":4},"end":{"line":59,"column":null}},"21":{"start":{"line":62,"column":19},"end":{"line":62,"column":95}},"22":{"start":{"line":64,"column":16},"end":{"line":64,"column":null}},"23":{"start":{"line":66,"column":2},"end":{"line":66,"column":null}},"24":{"start":{"line":69,"column":27},"end":{"line":87,"column":null}},"25":{"start":{"line":73,"column":24},"end":{"line":73,"column":null}},"26":{"start":{"line":75,"column":2},"end":{"line":77,"column":null}},"27":{"start":{"line":76,"column":4},"end":{"line":76,"column":null}},"28":{"start":{"line":79,"column":19},"end":{"line":79,"column":95}},"29":{"start":{"line":81,"column":21},"end":{"line":84,"column":null}},"30":{"start":{"line":86,"column":2},"end":{"line":86,"column":null}},"31":{"start":{"line":89,"column":28},"end":{"line":115,"column":null}},"32":{"start":{"line":90,"column":24},"end":{"line":90,"column":null}},"33":{"start":{"line":92,"column":2},"end":{"line":94,"column":null}},"34":{"start":{"line":93,"column":4},"end":{"line":93,"column":null}},"35":{"start":{"line":96,"column":19},"end":{"line":96,"column":null}},"36":{"start":{"line":98,"column":2},"end":{"line":114,"column":null}},"37":{"start":{"line":100,"column":6},"end":{"line":100,"column":null}},"38":{"start":{"line":103,"column":6},"end":{"line":103,"column":null}},"39":{"start":{"line":106,"column":6},"end":{"line":106,"column":null}},"40":{"start":{"line":109,"column":6},"end":{"line":109,"column":null}},"41":{"start":{"line":112,"column":6},"end":{"line":112,"column":null}},"42":{"start":{"line":118,"column":2},"end":{"line":118,"column":null}}},"fnMap":{"0":{"name":"(anonymous_8)","decl":{"start":{"line":38,"column":32},"end":{"line":38,"column":33}},"loc":{"start":{"line":38,"column":33},"end":{"line":40,"column":null}}},"1":{"name":"(anonymous_9)","decl":{"start":{"line":42,"column":27},"end":{"line":42,"column":28}},"loc":{"start":{"line":42,"column":28},"end":{"line":51,"column":null}}},"2":{"name":"(anonymous_10)","decl":{"start":{"line":53,"column":34},"end":{"line":53,"column":null}},"loc":{"start":{"line":55,"column":2},"end":{"line":67,"column":null}}},"3":{"name":"(anonymous_11)","decl":{"start":{"line":69,"column":27},"end":{"line":69,"column":null}},"loc":{"start":{"line":71,"column":2},"end":{"line":87,"column":null}}},"4":{"name":"(anonymous_12)","decl":{"start":{"line":89,"column":28},"end":{"line":89,"column":29}},"loc":{"start":{"line":89,"column":29},"end":{"line":115,"column":null}}},"5":{"name":"generateUniqueId","decl":{"start":{"line":117,"column":16},"end":{"line":117,"column":32}},"loc":{"start":{"line":117,"column":16},"end":{"line":119,"column":null}}}},"branchMap":{"0":{"loc":{"start":{"line":39,"column":9},"end":{"line":39,"column":null}},"type":"binary-expr","locations":[{"start":{"line":39,"column":9},"end":{"line":39,"column":38}},{"start":{"line":39,"column":38},"end":{"line":39,"column":null}}]},"1":{"loc":{"start":{"line":46,"column":2},"end":{"line":48,"column":null}},"type":"if","locations":[{"start":{"line":46,"column":2},"end":{"line":48,"column":null}}]},"2":{"loc":{"start":{"line":58,"column":2},"end":{"line":60,"column":null}},"type":"if","locations":[{"start":{"line":58,"column":2},"end":{"line":60,"column":null}}]},"3":{"loc":{"start":{"line":75,"column":2},"end":{"line":77,"column":null}},"type":"if","locations":[{"start":{"line":75,"column":2},"end":{"line":77,"column":null}}]},"4":{"loc":{"start":{"line":92,"column":2},"end":{"line":94,"column":null}},"type":"if","locations":[{"start":{"line":92,"column":2},"end":{"line":94,"column":null}}]},"5":{"loc":{"start":{"line":98,"column":2},"end":{"line":114,"column":null}},"type":"switch","locations":[{"start":{"line":99,"column":4},"end":{"line":101,"column":null}},{"start":{"line":102,"column":4},"end":{"line":104,"column":null}},{"start":{"line":105,"column":4},"end":{"line":107,"column":null}},{"start":{"line":108,"column":4},"end":{"line":110,"column":null}},{"start":{"line":111,"column":4},"end":{"line":113,"column":null}}]}},"s":{"0":1,"1":5,"2":0,"3":4,"4":1,"5":1,"6":1,"7":1,"8":1,"9":1,"10":1,"11":7,"12":1,"13":11,"14":11,"15":9,"16":2,"17":1,"18":1,"19":1,"20":0,"21":1,"22":1,"23":1,"24":1,"25":1,"26":1,"27":0,"28":1,"29":1,"30":1,"31":1,"32":5,"33":5,"34":0,"35":5,"36":5,"37":1,"38":1,"39":1,"40":1,"41":1,"42":1},"f":{"0":7,"1":11,"2":1,"3":1,"4":5,"5":1},"b":{"0":[7,0],"1":[9],"2":[0],"3":[0],"4":[0],"5":[1,1,1,1,1]}}
,"/Users/muthumathiyazhagan/Projects/live2ai-dashboard/src/utils/filter-unique.ts": {"path":"/Users/muthumathiyazhagan/Projects/live2ai-dashboard/src/utils/filter-unique.ts","statementMap":{"0":{"start":{"line":1,"column":13},"end":{"line":1,"column":25}},"1":{"start":{"line":9,"column":13},"end":{"line":9,"column":32}},"2":{"start":{"line":1,"column":28},"end":{"line":6,"column":null}},"3":{"start":{"line":2,"column":2},"end":{"line":5,"column":null}},"4":{"start":{"line":3,"column":18},"end":{"line":3,"column":null}},"5":{"start":{"line":4,"column":4},"end":{"line":4,"column":null}},"6":{"start":{"line":4,"column":53},"end":{"line":4,"column":66}},"7":{"start":{"line":12,"column":16},"end":{"line":16,"column":null}},"8":{"start":{"line":13,"column":2},"end":{"line":15,"column":null}},"9":{"start":{"line":14,"column":4},"end":{"line":14,"column":null}},"10":{"start":{"line":14,"column":29},"end":{"line":14,"column":38}}},"fnMap":{"0":{"name":"(anonymous_3)","decl":{"start":{"line":1,"column":28},"end":{"line":1,"column":29}},"loc":{"start":{"line":1,"column":29},"end":{"line":6,"column":null}}},"1":{"name":"(anonymous_4)","decl":{"start":{"line":2,"column":20},"end":{"line":2,"column":21}},"loc":{"start":{"line":2,"column":27},"end":{"line":5,"column":null}}},"2":{"name":"(anonymous_5)","decl":{"start":{"line":4,"column":35},"end":{"line":4,"column":36}},"loc":{"start":{"line":4,"column":53},"end":{"line":4,"column":66}}},"3":{"name":"(anonymous_6)","decl":{"start":{"line":12,"column":16},"end":{"line":12,"column":17}},"loc":{"start":{"line":12,"column":22},"end":{"line":16,"column":null}}},"4":{"name":"(anonymous_7)","decl":{"start":{"line":13,"column":20},"end":{"line":13,"column":21}},"loc":{"start":{"line":13,"column":27},"end":{"line":15,"column":null}}},"5":{"name":"(anonymous_8)","decl":{"start":{"line":14,"column":19},"end":{"line":14,"column":20}},"loc":{"start":{"line":14,"column":29},"end":{"line":14,"column":38}}}},"branchMap":{"0":{"loc":{"start":{"line":4,"column":11},"end":{"line":4,"column":null}},"type":"binary-expr","locations":[{"start":{"line":4,"column":11},"end":{"line":4,"column":27}},{"start":{"line":4,"column":27},"end":{"line":4,"column":null}}]}},"s":{"0":3,"1":4,"2":1,"3":3,"4":14,"5":14,"6":58,"7":1,"8":4,"9":10,"10":34},"f":{"0":3,"1":14,"2":58,"3":4,"4":10,"5":34},"b":{"0":[14,12]}}
,"/Users/muthumathiyazhagan/Projects/live2ai-dashboard/src/utils/format-currency.ts": {"path":"/Users/muthumathiyazhagan/Projects/live2ai-dashboard/src/utils/format-currency.ts","statementMap":{"0":{"start":{"line":4,"column":13},"end":{"line":4,"column":30}},"1":{"start":{"line":1,"column":20},"end":{"line":1,"column":null}},"2":{"start":{"line":2,"column":34},"end":{"line":2,"column":null}},"3":{"start":{"line":4,"column":30},"end":{"line":17,"column":null}},"4":{"start":{"line":14,"column":25},"end":{"line":14,"column":null}},"5":{"start":{"line":16,"column":2},"end":{"line":16,"column":null}}},"fnMap":{"0":{"name":"(anonymous_2)","decl":{"start":{"line":4,"column":30},"end":{"line":4,"column":null}},"loc":{"start":{"line":7,"column":26},"end":{"line":17,"column":null}}}},"branchMap":{"0":{"loc":{"start":{"line":7,"column":2},"end":{"line":7,"column":26}},"type":"default-arg","locations":[{"start":{"line":7,"column":19},"end":{"line":7,"column":26}}]},"1":{"loc":{"start":{"line":16,"column":12},"end":{"line":16,"column":45}},"type":"binary-expr","locations":[{"start":{"line":16,"column":12},"end":{"line":16,"column":30}},{"start":{"line":16,"column":30},"end":{"line":16,"column":45}}]}},"s":{"0":7,"1":1,"2":1,"3":1,"4":7,"5":7},"f":{"0":7},"b":{"0":[6],"1":[7,1]}}
,"/Users/muthumathiyazhagan/Projects/live2ai-dashboard/src/utils/get-initials.ts": {"path":"/Users/muthumathiyazhagan/Projects/live2ai-dashboard/src/utils/get-initials.ts","statementMap":{"0":{"start":{"line":1,"column":13},"end":{"line":1,"column":27}},"1":{"start":{"line":1,"column":27},"end":{"line":7,"column":null}},"2":{"start":{"line":2,"column":2},"end":{"line":7,"column":null}},"3":{"start":{"line":6,"column":16},"end":{"line":6,"column":null}}},"fnMap":{"0":{"name":"(anonymous_1)","decl":{"start":{"line":1,"column":27},"end":{"line":1,"column":28}},"loc":{"start":{"line":2,"column":2},"end":{"line":7,"column":null}}},"1":{"name":"(anonymous_2)","decl":{"start":{"line":6,"column":9},"end":{"line":6,"column":10}},"loc":{"start":{"line":6,"column":16},"end":{"line":6,"column":null}}}},"branchMap":{"0":{"loc":{"start":{"line":1,"column":28},"end":{"line":1,"column":37}},"type":"default-arg","locations":[{"start":{"line":1,"column":35},"end":{"line":1,"column":37}}]},"1":{"loc":{"start":{"line":6,"column":16},"end":{"line":6,"column":null}},"type":"binary-expr","locations":[{"start":{"line":6,"column":16},"end":{"line":6,"column":21}},{"start":{"line":6,"column":21},"end":{"line":6,"column":null}}]}},"s":{"0":9,"1":1,"2":9,"3":15},"f":{"0":9,"1":15},"b":{"0":[0],"1":[15,12]}}
,"/Users/muthumathiyazhagan/Projects/live2ai-dashboard/src/utils/get-media-serving-url.ts": {"path":"/Users/muthumathiyazhagan/Projects/live2ai-dashboard/src/utils/get-media-serving-url.ts","statementMap":{"0":{"start":{"line":39,"column":13},"end":{"line":39,"column":31}},"1":{"start":{"line":95,"column":13},"end":{"line":95,"column":31}},"2":{"start":{"line":80,"column":13},"end":{"line":80,"column":31}},"3":{"start":{"line":108,"column":13},"end":{"line":108,"column":31}},"4":{"start":{"line":121,"column":13},"end":{"line":121,"column":33}},"5":{"start":{"line":5,"column":12},"end":{"line":5,"column":null}},"6":{"start":{"line":21,"column":25},"end":{"line":29,"column":null}},"7":{"start":{"line":39,"column":34},"end":{"line":78,"column":null}},"8":{"start":{"line":44,"column":2},"end":{"line":46,"column":null}},"9":{"start":{"line":45,"column":4},"end":{"line":45,"column":null}},"10":{"start":{"line":49,"column":4},"end":{"line":49,"column":null}},"11":{"start":{"line":51,"column":2},"end":{"line":53,"column":null}},"12":{"start":{"line":52,"column":4},"end":{"line":52,"column":null}},"13":{"start":{"line":55,"column":2},"end":{"line":63,"column":null}},"14":{"start":{"line":58,"column":4},"end":{"line":62,"column":null}},"15":{"start":{"line":65,"column":2},"end":{"line":67,"column":null}},"16":{"start":{"line":66,"column":4},"end":{"line":66,"column":null}},"17":{"start":{"line":69,"column":2},"end":{"line":71,"column":null}},"18":{"start":{"line":70,"column":4},"end":{"line":70,"column":null}},"19":{"start":{"line":73,"column":2},"end":{"line":75,"column":null}},"20":{"start":{"line":74,"column":4},"end":{"line":74,"column":null}},"21":{"start":{"line":77,"column":2},"end":{"line":77,"column":null}},"22":{"start":{"line":80,"column":34},"end":{"line":93,"column":null}},"23":{"start":{"line":81,"column":2},"end":{"line":85,"column":null}},"24":{"start":{"line":84,"column":4},"end":{"line":84,"column":null}},"25":{"start":{"line":87,"column":2},"end":{"line":92,"column":null}},"26":{"start":{"line":95,"column":34},"end":{"line":106,"column":null}},"27":{"start":{"line":96,"column":2},"end":{"line":98,"column":null}},"28":{"start":{"line":97,"column":4},"end":{"line":97,"column":null}},"29":{"start":{"line":100,"column":2},"end":{"line":105,"column":null}},"30":{"start":{"line":108,"column":34},"end":{"line":119,"column":null}},"31":{"start":{"line":109,"column":2},"end":{"line":111,"column":null}},"32":{"start":{"line":110,"column":4},"end":{"line":110,"column":null}},"33":{"start":{"line":113,"column":2},"end":{"line":118,"column":null}},"34":{"start":{"line":121,"column":36},"end":{"line":127,"column":null}},"35":{"start":{"line":122,"column":25},"end":{"line":122,"column":null}},"36":{"start":{"line":124,"column":2},"end":{"line":126,"column":null}}},"fnMap":{"0":{"name":"(anonymous_7)","decl":{"start":{"line":5,"column":12},"end":{"line":5,"column":null}},"loc":{"start":{"line":5,"column":12},"end":{"line":5,"column":null}}},"1":{"name":"(anonymous_8)","decl":{"start":{"line":39,"column":34},"end":{"line":39,"column":null}},"loc":{"start":{"line":42,"column":37},"end":{"line":78,"column":null}}},"2":{"name":"(anonymous_9)","decl":{"start":{"line":80,"column":34},"end":{"line":80,"column":35}},"loc":{"start":{"line":80,"column":88},"end":{"line":93,"column":null}}},"3":{"name":"(anonymous_10)","decl":{"start":{"line":95,"column":34},"end":{"line":95,"column":35}},"loc":{"start":{"line":95,"column":35},"end":{"line":106,"column":null}}},"4":{"name":"(anonymous_11)","decl":{"start":{"line":108,"column":34},"end":{"line":108,"column":35}},"loc":{"start":{"line":108,"column":35},"end":{"line":119,"column":null}}},"5":{"name":"(anonymous_12)","decl":{"start":{"line":121,"column":36},"end":{"line":121,"column":37}},"loc":{"start":{"line":121,"column":37},"end":{"line":127,"column":null}}}},"branchMap":{"0":{"loc":{"start":{"line":5,"column":12},"end":{"line":5,"column":null}},"type":"binary-expr","locations":[{"start":{"line":5,"column":12},"end":{"line":5,"column":null}},{"start":{"line":5,"column":12},"end":{"line":5,"column":null}}]},"1":{"loc":{"start":{"line":41,"column":2},"end":{"line":41,"column":37}},"type":"default-arg","locations":[{"start":{"line":41,"column":35},"end":{"line":41,"column":37}}]},"2":{"loc":{"start":{"line":42,"column":2},"end":{"line":42,"column":37}},"type":"default-arg","locations":[{"start":{"line":42,"column":32},"end":{"line":42,"column":37}}]},"3":{"loc":{"start":{"line":44,"column":2},"end":{"line":46,"column":null}},"type":"if","locations":[{"start":{"line":44,"column":2},"end":{"line":46,"column":null}}]},"4":{"loc":{"start":{"line":49,"column":4},"end":{"line":49,"column":null}},"type":"cond-expr","locations":[{"start":{"line":49,"column":41},"end":{"line":49,"column":64}},{"start":{"line":49,"column":67},"end":{"line":49,"column":null}}]},"5":{"loc":{"start":{"line":51,"column":2},"end":{"line":53,"column":null}},"type":"if","locations":[{"start":{"line":51,"column":2},"end":{"line":53,"column":null}}]},"6":{"loc":{"start":{"line":55,"column":2},"end":{"line":63,"column":null}},"type":"if","locations":[{"start":{"line":55,"column":2},"end":{"line":63,"column":null}}]},"7":{"loc":{"start":{"line":61,"column":8},"end":{"line":61,"column":null}},"type":"cond-expr","locations":[{"start":{"line":61,"column":29},"end":{"line":61,"column":74}},{"start":{"line":61,"column":74},"end":{"line":61,"column":null}}]},"8":{"loc":{"start":{"line":65,"column":2},"end":{"line":67,"column":null}},"type":"if","locations":[{"start":{"line":65,"column":2},"end":{"line":67,"column":null}}]},"9":{"loc":{"start":{"line":69,"column":2},"end":{"line":71,"column":null}},"type":"if","locations":[{"start":{"line":69,"column":2},"end":{"line":71,"column":null}}]},"10":{"loc":{"start":{"line":73,"column":2},"end":{"line":75,"column":null}},"type":"if","locations":[{"start":{"line":73,"column":2},"end":{"line":75,"column":null}}]},"11":{"loc":{"start":{"line":80,"column":53},"end":{"line":80,"column":88}},"type":"default-arg","locations":[{"start":{"line":80,"column":83},"end":{"line":80,"column":88}}]},"12":{"loc":{"start":{"line":81,"column":2},"end":{"line":85,"column":null}},"type":"if","locations":[{"start":{"line":81,"column":2},"end":{"line":85,"column":null}}]},"13":{"loc":{"start":{"line":90,"column":6},"end":{"line":90,"column":111}},"type":"cond-expr","locations":[{"start":{"line":90,"column":27},"end":{"line":90,"column":62}},{"start":{"line":90,"column":65},"end":{"line":90,"column":111}}]},"14":{"loc":{"start":{"line":96,"column":2},"end":{"line":98,"column":null}},"type":"if","locations":[{"start":{"line":96,"column":2},"end":{"line":98,"column":null}}]},"15":{"loc":{"start":{"line":109,"column":2},"end":{"line":111,"column":null}},"type":"if","locations":[{"start":{"line":109,"column":2},"end":{"line":111,"column":null}}]},"16":{"loc":{"start":{"line":122,"column":25},"end":{"line":122,"column":null}},"type":"binary-expr","locations":[{"start":{"line":122,"column":25},"end":{"line":122,"column":36}},{"start":{"line":122,"column":36},"end":{"line":122,"column":null}}]},"17":{"loc":{"start":{"line":125,"column":4},"end":{"line":125,"column":null}},"type":"cond-expr","locations":[{"start":{"line":125,"column":21},"end":{"line":125,"column":38}},{"start":{"line":125,"column":38},"end":{"line":125,"column":null}}]}},"s":{"0":4,"1":2,"2":2,"3":2,"4":2,"5":1,"6":1,"7":1,"8":4,"9":1,"10":3,"11":3,"12":1,"13":2,"14":1,"15":2,"16":1,"17":2,"18":1,"19":2,"20":1,"21":2,"22":1,"23":2,"24":1,"25":1,"26":1,"27":2,"28":1,"29":1,"30":1,"31":2,"32":1,"33":1,"34":1,"35":2,"36":2},"f":{"0":1,"1":4,"2":2,"3":2,"4":2,"5":2},"b":{"0":[1,1],"1":[3],"2":[4],"3":[1],"4":[1,2],"5":[1],"6":[1],"7":[0,1],"8":[1],"9":[1],"10":[1],"11":[2],"12":[1],"13":[0,1],"14":[1],"15":[1],"16":[2,1],"17":[1,1]}}
,"/Users/muthumathiyazhagan/Projects/live2ai-dashboard/src/utils/get-media.ts": {"path":"/Users/muthumathiyazhagan/Projects/live2ai-dashboard/src/utils/get-media.ts","statementMap":{"0":{"start":{"line":8,"column":13},"end":{"line":8,"column":21}},"1":{"start":{"line":30,"column":13},"end":{"line":30,"column":28}},"2":{"start":{"line":1,"column":40},"end":{"line":1,"column":null}},"3":{"start":{"line":8,"column":24},"end":{"line":28,"column":null}},"4":{"start":{"line":9,"column":2},"end":{"line":26,"column":null}},"5":{"start":{"line":10,"column":19},"end":{"line":11,"column":null}},"6":{"start":{"line":11,"column":21},"end":{"line":11,"column":77}},"7":{"start":{"line":13,"column":19},"end":{"line":14,"column":null}},"8":{"start":{"line":14,"column":21},"end":{"line":14,"column":74}},"9":{"start":{"line":16,"column":21},"end":{"line":17,"column":null}},"10":{"start":{"line":17,"column":21},"end":{"line":17,"column":75}},"11":{"start":{"line":19,"column":4},"end":{"line":25,"column":null}},"12":{"start":{"line":20,"column":6},"end":{"line":20,"column":null}},"13":{"start":{"line":21,"column":11},"end":{"line":25,"column":null}},"14":{"start":{"line":22,"column":6},"end":{"line":22,"column":null}},"15":{"start":{"line":23,"column":11},"end":{"line":25,"column":null}},"16":{"start":{"line":24,"column":6},"end":{"line":24,"column":null}},"17":{"start":{"line":27,"column":2},"end":{"line":27,"column":null}},"18":{"start":{"line":30,"column":31},"end":{"line":45,"column":null}},"19":{"start":{"line":31,"column":2},"end":{"line":43,"column":null}},"20":{"start":{"line":32,"column":23},"end":{"line":33,"column":null}},"21":{"start":{"line":33,"column":21},"end":{"line":33,"column":72}},"22":{"start":{"line":35,"column":21},"end":{"line":36,"column":null}},"23":{"start":{"line":36,"column":21},"end":{"line":36,"column":75}},"24":{"start":{"line":38,"column":4},"end":{"line":42,"column":null}},"25":{"start":{"line":39,"column":6},"end":{"line":39,"column":null}},"26":{"start":{"line":40,"column":11},"end":{"line":42,"column":null}},"27":{"start":{"line":41,"column":6},"end":{"line":41,"column":null}},"28":{"start":{"line":44,"column":2},"end":{"line":44,"column":null}}},"fnMap":{"0":{"name":"(anonymous_3)","decl":{"start":{"line":8,"column":24},"end":{"line":8,"column":25}},"loc":{"start":{"line":8,"column":56},"end":{"line":28,"column":null}}},"1":{"name":"(anonymous_4)","decl":{"start":{"line":11,"column":6},"end":{"line":11,"column":7}},"loc":{"start":{"line":11,"column":21},"end":{"line":11,"column":77}}},"2":{"name":"(anonymous_5)","decl":{"start":{"line":14,"column":6},"end":{"line":14,"column":7}},"loc":{"start":{"line":14,"column":21},"end":{"line":14,"column":74}}},"3":{"name":"(anonymous_6)","decl":{"start":{"line":17,"column":6},"end":{"line":17,"column":7}},"loc":{"start":{"line":17,"column":21},"end":{"line":17,"column":75}}},"4":{"name":"(anonymous_7)","decl":{"start":{"line":30,"column":31},"end":{"line":30,"column":32}},"loc":{"start":{"line":30,"column":63},"end":{"line":45,"column":null}}},"5":{"name":"(anonymous_8)","decl":{"start":{"line":33,"column":6},"end":{"line":33,"column":7}},"loc":{"start":{"line":33,"column":21},"end":{"line":33,"column":72}}},"6":{"name":"(anonymous_9)","decl":{"start":{"line":36,"column":6},"end":{"line":36,"column":7}},"loc":{"start":{"line":36,"column":21},"end":{"line":36,"column":75}}}},"branchMap":{"0":{"loc":{"start":{"line":9,"column":2},"end":{"line":26,"column":null}},"type":"if","locations":[{"start":{"line":9,"column":2},"end":{"line":26,"column":null}}]},"1":{"loc":{"start":{"line":19,"column":4},"end":{"line":25,"column":null}},"type":"if","locations":[{"start":{"line":19,"column":4},"end":{"line":25,"column":null}},{"start":{"line":21,"column":11},"end":{"line":25,"column":null}}]},"2":{"loc":{"start":{"line":21,"column":11},"end":{"line":25,"column":null}},"type":"if","locations":[{"start":{"line":21,"column":11},"end":{"line":25,"column":null}},{"start":{"line":23,"column":11},"end":{"line":25,"column":null}}]},"3":{"loc":{"start":{"line":23,"column":11},"end":{"line":25,"column":null}},"type":"if","locations":[{"start":{"line":23,"column":11},"end":{"line":25,"column":null}}]},"4":{"loc":{"start":{"line":31,"column":2},"end":{"line":43,"column":null}},"type":"if","locations":[{"start":{"line":31,"column":2},"end":{"line":43,"column":null}}]},"5":{"loc":{"start":{"line":38,"column":4},"end":{"line":42,"column":null}},"type":"if","locations":[{"start":{"line":38,"column":4},"end":{"line":42,"column":null}},{"start":{"line":40,"column":11},"end":{"line":42,"column":null}}]},"6":{"loc":{"start":{"line":40,"column":11},"end":{"line":42,"column":null}},"type":"if","locations":[{"start":{"line":40,"column":11},"end":{"line":42,"column":null}}]}},"s":{"0":4,"1":3,"2":1,"3":1,"4":4,"5":3,"6":4,"7":3,"8":4,"9":3,"10":6,"11":3,"12":1,"13":2,"14":1,"15":1,"16":1,"17":1,"18":1,"19":3,"20":2,"21":2,"22":2,"23":3,"24":2,"25":1,"26":1,"27":1,"28":1},"f":{"0":4,"1":4,"2":4,"3":6,"4":3,"5":2,"6":3},"b":{"0":[3],"1":[1,2],"2":[1,1],"3":[1],"4":[2],"5":[1,1],"6":[1]}}
,"/Users/muthumathiyazhagan/Projects/live2ai-dashboard/src/utils/get-random-int.ts": {"path":"/Users/muthumathiyazhagan/Projects/live2ai-dashboard/src/utils/get-random-int.ts","statementMap":{"0":{"start":{"line":1,"column":13},"end":{"line":1,"column":28}},"1":{"start":{"line":1,"column":28},"end":{"line":6,"column":null}},"2":{"start":{"line":2,"column":2},"end":{"line":2,"column":null}},"3":{"start":{"line":3,"column":2},"end":{"line":3,"column":null}},"4":{"start":{"line":5,"column":2},"end":{"line":5,"column":null}}},"fnMap":{"0":{"name":"(anonymous_1)","decl":{"start":{"line":1,"column":28},"end":{"line":1,"column":29}},"loc":{"start":{"line":1,"column":42},"end":{"line":6,"column":null}}}},"branchMap":{},"s":{"0":203,"1":1,"2":203,"3":203,"4":203},"f":{"0":203},"b":{}}
,"/Users/muthumathiyazhagan/Projects/live2ai-dashboard/src/utils/get-user-id.ts": {"path":"/Users/muthumathiyazhagan/Projects/live2ai-dashboard/src/utils/get-user-id.ts","statementMap":{"0":{"start":{"line":3,"column":13},"end":{"line":3,"column":25}},"1":{"start":{"line":3,"column":25},"end":{"line":11,"column":null}},"2":{"start":{"line":4,"column":17},"end":{"line":4,"column":null}},"3":{"start":{"line":6,"column":2},"end":{"line":8,"column":null}},"4":{"start":{"line":7,"column":4},"end":{"line":7,"column":null}},"5":{"start":{"line":10,"column":2},"end":{"line":10,"column":null}}},"fnMap":{"0":{"name":"(anonymous_1)","decl":{"start":{"line":3,"column":25},"end":{"line":3,"column":26}},"loc":{"start":{"line":3,"column":26},"end":{"line":11,"column":null}}}},"branchMap":{"0":{"loc":{"start":{"line":6,"column":2},"end":{"line":8,"column":null}},"type":"if","locations":[{"start":{"line":6,"column":2},"end":{"line":8,"column":null}}]}},"s":{"0":0,"1":0,"2":0,"3":0,"4":0,"5":0},"f":{"0":0},"b":{"0":[0]}}
,"/Users/muthumathiyazhagan/Projects/live2ai-dashboard/src/utils/jwt.ts": {"path":"/Users/muthumathiyazhagan/Projects/live2ai-dashboard/src/utils/jwt.ts","statementMap":{"0":{"start":{"line":3,"column":13},"end":{"line":3,"column":27}},"1":{"start":{"line":2,"column":13},"end":{"line":2,"column":23}},"2":{"start":{"line":31,"column":13},"end":{"line":31,"column":19}},"3":{"start":{"line":9,"column":13},"end":{"line":9,"column":17}},"4":{"start":{"line":56,"column":13},"end":{"line":56,"column":19}},"5":{"start":{"line":2,"column":26},"end":{"line":2,"column":null}},"6":{"start":{"line":3,"column":30},"end":{"line":3,"column":45}},"7":{"start":{"line":9,"column":20},"end":{"line":27,"column":null}},"8":{"start":{"line":14,"column":14},"end":{"line":14,"column":null}},"9":{"start":{"line":15,"column":2},"end":{"line":15,"column":null}},"10":{"start":{"line":16,"column":24},"end":{"line":16,"column":null}},"11":{"start":{"line":17,"column":25},"end":{"line":17,"column":null}},"12":{"start":{"line":18,"column":20},"end":{"line":23,"column":null}},"13":{"start":{"line":21,"column":8},"end":{"line":21,"column":null}},"14":{"start":{"line":26,"column":2},"end":{"line":26,"column":null}},"15":{"start":{"line":31,"column":22},"end":{"line":54,"column":null}},"16":{"start":{"line":32,"column":53},"end":{"line":32,"column":null}},"17":{"start":{"line":33,"column":17},"end":{"line":33,"column":null}},"18":{"start":{"line":34,"column":18},"end":{"line":34,"column":null}},"19":{"start":{"line":35,"column":14},"end":{"line":35,"column":null}},"20":{"start":{"line":37,"column":2},"end":{"line":39,"column":null}},"21":{"start":{"line":38,"column":4},"end":{"line":38,"column":null}},"22":{"start":{"line":41,"column":28},"end":{"line":46,"column":null}},"23":{"start":{"line":44,"column":8},"end":{"line":44,"column":null}},"24":{"start":{"line":49,"column":2},"end":{"line":51,"column":null}},"25":{"start":{"line":50,"column":4},"end":{"line":50,"column":null}},"26":{"start":{"line":53,"column":2},"end":{"line":53,"column":null}},"27":{"start":{"line":56,"column":22},"end":{"line":79,"column":null}},"28":{"start":{"line":57,"column":53},"end":{"line":57,"column":null}},"29":{"start":{"line":58,"column":17},"end":{"line":58,"column":null}},"30":{"start":{"line":59,"column":18},"end":{"line":59,"column":null}},"31":{"start":{"line":60,"column":14},"end":{"line":60,"column":null}},"32":{"start":{"line":62,"column":2},"end":{"line":64,"column":null}},"33":{"start":{"line":63,"column":4},"end":{"line":63,"column":null}},"34":{"start":{"line":66,"column":28},"end":{"line":71,"column":null}},"35":{"start":{"line":69,"column":8},"end":{"line":69,"column":null}},"36":{"start":{"line":74,"column":2},"end":{"line":76,"column":null}},"37":{"start":{"line":75,"column":4},"end":{"line":75,"column":null}},"38":{"start":{"line":78,"column":2},"end":{"line":78,"column":null}}},"fnMap":{"0":{"name":"(anonymous_6)","decl":{"start":{"line":9,"column":20},"end":{"line":9,"column":null}},"loc":{"start":{"line":12,"column":2},"end":{"line":27,"column":null}}},"1":{"name":"(anonymous_7)","decl":{"start":{"line":20,"column":11},"end":{"line":20,"column":12}},"loc":{"start":{"line":21,"column":8},"end":{"line":21,"column":null}}},"2":{"name":"(anonymous_8)","decl":{"start":{"line":31,"column":22},"end":{"line":31,"column":23}},"loc":{"start":{"line":31,"column":23},"end":{"line":54,"column":null}}},"3":{"name":"(anonymous_9)","decl":{"start":{"line":43,"column":11},"end":{"line":43,"column":12}},"loc":{"start":{"line":44,"column":8},"end":{"line":44,"column":null}}},"4":{"name":"(anonymous_10)","decl":{"start":{"line":56,"column":22},"end":{"line":56,"column":23}},"loc":{"start":{"line":56,"column":38},"end":{"line":79,"column":null}}},"5":{"name":"(anonymous_11)","decl":{"start":{"line":68,"column":11},"end":{"line":68,"column":12}},"loc":{"start":{"line":69,"column":8},"end":{"line":69,"column":null}}}},"branchMap":{"0":{"loc":{"start":{"line":37,"column":2},"end":{"line":39,"column":null}},"type":"if","locations":[{"start":{"line":37,"column":2},"end":{"line":39,"column":null}}]},"1":{"loc":{"start":{"line":49,"column":2},"end":{"line":51,"column":null}},"type":"if","locations":[{"start":{"line":49,"column":2},"end":{"line":51,"column":null}}]},"2":{"loc":{"start":{"line":62,"column":2},"end":{"line":64,"column":null}},"type":"if","locations":[{"start":{"line":62,"column":2},"end":{"line":64,"column":null}}]},"3":{"loc":{"start":{"line":74,"column":2},"end":{"line":76,"column":null}},"type":"if","locations":[{"start":{"line":74,"column":2},"end":{"line":76,"column":null}}]}},"s":{"0":1,"1":2,"2":1,"3":2,"4":1,"5":1,"6":1,"7":1,"8":2,"9":2,"10":2,"11":2,"12":2,"13":80,"14":2,"15":1,"16":1,"17":1,"18":1,"19":1,"20":1,"21":0,"22":1,"23":40,"24":1,"25":0,"26":1,"27":1,"28":1,"29":1,"30":1,"31":1,"32":1,"33":0,"34":1,"35":40,"36":1,"37":0,"38":1},"f":{"0":2,"1":80,"2":1,"3":40,"4":1,"5":40},"b":{"0":[0],"1":[0],"2":[0],"3":[0]}}
,"/Users/muthumathiyazhagan/Projects/live2ai-dashboard/src/utils/merge-two-arrays.ts": {"path":"/Users/muthumathiyazhagan/Projects/live2ai-dashboard/src/utils/merge-two-arrays.ts","statementMap":{"0":{"start":{"line":1,"column":14},"end":{"line":1,"column":38}},"1":{"start":{"line":1,"column":38},"end":{"line":11,"column":null}},"2":{"start":{"line":2,"column":24},"end":{"line":2,"column":null}},"3":{"start":{"line":3,"column":26},"end":{"line":8,"column":null}},"4":{"start":{"line":4,"column":6},"end":{"line":6,"column":null}},"5":{"start":{"line":4,"column":33},"end":{"line":4,"column":51}},"6":{"start":{"line":5,"column":8},"end":{"line":5,"column":null}},"7":{"start":{"line":7,"column":6},"end":{"line":7,"column":null}},"8":{"start":{"line":10,"column":4},"end":{"line":10,"column":null}}},"fnMap":{"0":{"name":"(anonymous_1)","decl":{"start":{"line":1,"column":38},"end":{"line":1,"column":39}},"loc":{"start":{"line":1,"column":52},"end":{"line":11,"column":null}}},"1":{"name":"(anonymous_2)","decl":{"start":{"line":3,"column":45},"end":{"line":3,"column":46}},"loc":{"start":{"line":3,"column":61},"end":{"line":8,"column":7}}},"2":{"name":"(anonymous_3)","decl":{"start":{"line":4,"column":23},"end":{"line":4,"column":24}},"loc":{"start":{"line":4,"column":33},"end":{"line":4,"column":51}}}},"branchMap":{"0":{"loc":{"start":{"line":4,"column":6},"end":{"line":6,"column":null}},"type":"if","locations":[{"start":{"line":4,"column":6},"end":{"line":6,"column":null}}]}},"s":{"0":0,"1":0,"2":0,"3":0,"4":0,"5":0,"6":0,"7":0,"8":0},"f":{"0":0,"1":0,"2":0},"b":{"0":[0]}}
,"/Users/muthumathiyazhagan/Projects/live2ai-dashboard/src/utils/obj-from-array.ts": {"path":"/Users/muthumathiyazhagan/Projects/live2ai-dashboard/src/utils/obj-from-array.ts","statementMap":{"0":{"start":{"line":1,"column":13},"end":{"line":1,"column":28}},"1":{"start":{"line":1,"column":28},"end":{"line":5,"column":null}},"2":{"start":{"line":2,"column":2},"end":{"line":5,"column":null}},"3":{"start":{"line":3,"column":4},"end":{"line":3,"column":null}},"4":{"start":{"line":4,"column":4},"end":{"line":4,"column":null}}},"fnMap":{"0":{"name":"(anonymous_1)","decl":{"start":{"line":1,"column":28},"end":{"line":1,"column":29}},"loc":{"start":{"line":2,"column":2},"end":{"line":5,"column":null}}},"1":{"name":"(anonymous_2)","decl":{"start":{"line":2,"column":13},"end":{"line":2,"column":14}},"loc":{"start":{"line":2,"column":27},"end":{"line":5,"column":5}}}},"branchMap":{"0":{"loc":{"start":{"line":1,"column":41},"end":{"line":1,"column":51}},"type":"default-arg","locations":[{"start":{"line":1,"column":47},"end":{"line":1,"column":51}}]}},"s":{"0":0,"1":0,"2":0,"3":0,"4":0},"f":{"0":0,"1":0},"b":{"0":[0]}}
,"/Users/muthumathiyazhagan/Projects/live2ai-dashboard/src/utils/set-color.ts": {"path":"/Users/muthumathiyazhagan/Projects/live2ai-dashboard/src/utils/set-color.ts","statementMap":{"0":{"start":{"line":8,"column":13},"end":{"line":8,"column":24}},"1":{"start":{"line":8,"column":24},"end":{"line":14,"column":null}},"2":{"start":{"line":9,"column":26},"end":{"line":9,"column":null}},"3":{"start":{"line":10,"column":22},"end":{"line":10,"column":null}},"4":{"start":{"line":11,"column":19},"end":{"line":11,"column":null}},"5":{"start":{"line":13,"column":2},"end":{"line":13,"column":null}}},"fnMap":{"0":{"name":"(anonymous_1)","decl":{"start":{"line":8,"column":24},"end":{"line":8,"column":25}},"loc":{"start":{"line":8,"column":39},"end":{"line":14,"column":null}}}},"branchMap":{"0":{"loc":{"start":{"line":13,"column":9},"end":{"line":13,"column":null}},"type":"cond-expr","locations":[{"start":{"line":13,"column":28},"end":{"line":13,"column":36}},{"start":{"line":13,"column":36},"end":{"line":13,"column":null}}]}},"s":{"0":0,"1":0,"2":0,"3":0,"4":0,"5":0},"f":{"0":0},"b":{"0":[0,0]}}
,"/Users/muthumathiyazhagan/Projects/live2ai-dashboard/src/utils/stringUtils.ts": {"path":"/Users/muthumathiyazhagan/Projects/live2ai-dashboard/src/utils/stringUtils.ts","statementMap":{"0":{"start":{"line":9,"column":16},"end":{"line":9,"column":44}},"1":{"start":{"line":1,"column":16},"end":{"line":1,"column":30}},"2":{"start":{"line":15,"column":16},"end":{"line":15,"column":35}},"3":{"start":{"line":2,"column":2},"end":{"line":2,"column":null}},"4":{"start":{"line":2,"column":12},"end":{"line":2,"column":null}},"5":{"start":{"line":3,"column":2},"end":{"line":5,"column":null}},"6":{"start":{"line":4,"column":4},"end":{"line":4,"column":null}},"7":{"start":{"line":6,"column":2},"end":{"line":6,"column":null}},"8":{"start":{"line":10,"column":2},"end":{"line":12,"column":null}},"9":{"start":{"line":11,"column":4},"end":{"line":11,"column":null}},"10":{"start":{"line":21,"column":2},"end":{"line":23,"column":null}}},"fnMap":{"0":{"name":"toSentenceCase","decl":{"start":{"line":1,"column":16},"end":{"line":1,"column":30}},"loc":{"start":{"line":1,"column":52},"end":{"line":7,"column":null}}},"1":{"name":"capitalizeFirstLetterOfWords","decl":{"start":{"line":9,"column":16},"end":{"line":9,"column":44}},"loc":{"start":{"line":9,"column":56},"end":{"line":13,"column":null}}},"2":{"name":"(anonymous_6)","decl":{"start":{"line":10,"column":31},"end":{"line":10,"column":41}},"loc":{"start":{"line":10,"column":44},"end":{"line":12,"column":null}}},"3":{"name":"uniqueNameWithCount","decl":{"start":{"line":15,"column":16},"end":{"line":15,"column":35}},"loc":{"start":{"line":19,"column":23},"end":{"line":24,"column":null}}}},"branchMap":{"0":{"loc":{"start":{"line":2,"column":2},"end":{"line":2,"column":null}},"type":"if","locations":[{"start":{"line":2,"column":2},"end":{"line":2,"column":null}}]},"1":{"loc":{"start":{"line":3,"column":2},"end":{"line":5,"column":null}},"type":"if","locations":[{"start":{"line":3,"column":2},"end":{"line":5,"column":null}}]},"2":{"loc":{"start":{"line":4,"column":11},"end":{"line":4,"column":null}},"type":"cond-expr","locations":[{"start":{"line":4,"column":17},"end":{"line":4,"column":26}},{"start":{"line":4,"column":26},"end":{"line":4,"column":null}}]},"3":{"loc":{"start":{"line":21,"column":9},"end":{"line":23,"column":null}},"type":"cond-expr","locations":[{"start":{"line":22,"column":6},"end":{"line":22,"column":null}},{"start":{"line":23,"column":6},"end":{"line":23,"column":null}}]}},"s":{"0":0,"1":0,"2":0,"3":0,"4":0,"5":0,"6":0,"7":0,"8":0,"9":0,"10":0},"f":{"0":0,"1":0,"2":0,"3":0},"b":{"0":[0],"1":[0],"2":[0,0],"3":[0,0]}}
,"/Users/muthumathiyazhagan/Projects/live2ai-dashboard/src/utils/timeUtil.ts": {"path":"/Users/muthumathiyazhagan/Projects/live2ai-dashboard/src/utils/timeUtil.ts","statementMap":{"0":{"start":{"line":8,"column":16},"end":{"line":8,"column":28}},"1":{"start":{"line":1,"column":12},"end":{"line":1,"column":null}},"2":{"start":{"line":9,"column":20},"end":{"line":9,"column":null}},"3":{"start":{"line":10,"column":26},"end":{"line":10,"column":null}},"4":{"start":{"line":12,"column":4},"end":{"line":27,"column":null}},"5":{"start":{"line":14,"column":12},"end":{"line":14,"column":null}},"6":{"start":{"line":15,"column":12},"end":{"line":15,"column":null}},"7":{"start":{"line":17,"column":12},"end":{"line":17,"column":null}},"8":{"start":{"line":18,"column":12},"end":{"line":18,"column":null}},"9":{"start":{"line":20,"column":12},"end":{"line":20,"column":null}},"10":{"start":{"line":21,"column":12},"end":{"line":21,"column":null}},"11":{"start":{"line":23,"column":12},"end":{"line":23,"column":null}},"12":{"start":{"line":24,"column":12},"end":{"line":24,"column":null}},"13":{"start":{"line":26,"column":12},"end":{"line":26,"column":null}},"14":{"start":{"line":29,"column":4},"end":{"line":29,"column":null}}},"fnMap":{"0":{"name":"(anonymous_3)","decl":{"start":{"line":1,"column":12},"end":{"line":1,"column":null}},"loc":{"start":{"line":1,"column":12},"end":{"line":1,"column":null}}},"1":{"name":"getDateRange","decl":{"start":{"line":8,"column":16},"end":{"line":8,"column":28}},"loc":{"start":{"line":8,"column":51},"end":{"line":30,"column":null}}}},"branchMap":{"0":{"loc":{"start":{"line":1,"column":12},"end":{"line":1,"column":null}},"type":"binary-expr","locations":[{"start":{"line":1,"column":12},"end":{"line":1,"column":null}},{"start":{"line":1,"column":12},"end":{"line":1,"column":null}}]},"1":{"loc":{"start":{"line":12,"column":4},"end":{"line":27,"column":null}},"type":"switch","locations":[{"start":{"line":13,"column":8},"end":{"line":15,"column":null}},{"start":{"line":16,"column":8},"end":{"line":18,"column":null}},{"start":{"line":19,"column":8},"end":{"line":21,"column":null}},{"start":{"line":22,"column":8},"end":{"line":24,"column":null}},{"start":{"line":25,"column":8},"end":{"line":26,"column":null}}]}},"s":{"0":0,"1":0,"2":0,"3":0,"4":0,"5":0,"6":0,"7":0,"8":0,"9":0,"10":0,"11":0,"12":0,"13":0,"14":0},"f":{"0":0,"1":0},"b":{"0":[0,0],"1":[0,0,0,0,0]}}
,"/Users/muthumathiyazhagan/Projects/live2ai-dashboard/src/utils/title-case.ts": {"path":"/Users/muthumathiyazhagan/Projects/live2ai-dashboard/src/utils/title-case.ts","statementMap":{"0":{"start":{"line":1,"column":13},"end":{"line":1,"column":25}},"1":{"start":{"line":1,"column":25},"end":{"line":9,"column":null}},"2":{"start":{"line":2,"column":14},"end":{"line":2,"column":null}},"3":{"start":{"line":3,"column":2},"end":{"line":7,"column":null}},"4":{"start":{"line":3,"column":15},"end":{"line":3,"column":18}},"5":{"start":{"line":4,"column":4},"end":{"line":6,"column":null}},"6":{"start":{"line":5,"column":6},"end":{"line":5,"column":null}},"7":{"start":{"line":8,"column":2},"end":{"line":8,"column":null}}},"fnMap":{"0":{"name":"(anonymous_1)","decl":{"start":{"line":1,"column":25},"end":{"line":1,"column":26}},"loc":{"start":{"line":1,"column":26},"end":{"line":9,"column":null}}}},"branchMap":{"0":{"loc":{"start":{"line":4,"column":4},"end":{"line":6,"column":null}},"type":"if","locations":[{"start":{"line":4,"column":4},"end":{"line":6,"column":null}}]}},"s":{"0":0,"1":0,"2":0,"3":0,"4":0,"5":0,"6":0,"7":0},"f":{"0":0},"b":{"0":[0]}}
,"/Users/muthumathiyazhagan/Projects/live2ai-dashboard/src/utils/wait.ts": {"path":"/Users/muthumathiyazhagan/Projects/live2ai-dashboard/src/utils/wait.ts","statementMap":{"0":{"start":{"line":1,"column":13},"end":{"line":1,"column":20}},"1":{"start":{"line":1,"column":20},"end":{"line":1,"column":null}},"2":{"start":{"line":1,"column":53},"end":{"line":1,"column":null}},"3":{"start":{"line":1,"column":74},"end":{"line":1,"column":null}}},"fnMap":{"0":{"name":"(anonymous_1)","decl":{"start":{"line":1,"column":20},"end":{"line":1,"column":21}},"loc":{"start":{"line":1,"column":53},"end":{"line":1,"column":null}}},"1":{"name":"(anonymous_2)","decl":{"start":{"line":1,"column":65},"end":{"line":1,"column":66}},"loc":{"start":{"line":1,"column":74},"end":{"line":1,"column":null}}}},"branchMap":{},"s":{"0":0,"1":0,"2":0,"3":0},"f":{"0":0,"1":0},"b":{}}
}
