TN:
SF:src/utils/apply-pagination.ts
FN:3,applyPagination
FNF:1
FNH:1
FNDA:11,applyPagination
DA:3,11
DA:8,11
DA:9,11
DA:10,11
LF:4
LH:4
BRF:0
BRH:0
end_of_record
TN:
SF:src/utils/apply-sort.ts
FN:3,descendingComparator
FN:18,getComparator
FN:20,(anonymous_3)
FN:21,(anonymous_4)
FN:24,applySort
FN:30,(anonymous_6)
FN:32,(anonymous_7)
FN:45,(anonymous_8)
FNF:8
FNH:8
FNDA:8662,descendingComparator
FNDA:9,getComparator
FNDA:11,(anonymous_3)
FNDA:8651,(anonymous_4)
FNDA:9,applySort
FNDA:1027,(anonymous_6)
FNDA:8662,(anonymous_7)
FNDA:1027,(anonymous_8)
DA:7,8662
DA:8,4146
DA:11,4516
DA:12,4508
DA:15,8
DA:19,9
DA:20,11
DA:21,8651
DA:24,9
DA:29,9
DA:30,1027
DA:32,9
DA:34,8662
DA:36,8662
DA:37,8654
DA:41,8
DA:45,1027
LF:17
LH:17
BRDA:7,0,0,4146
BRDA:11,1,0,4508
BRDA:19,2,0,2
BRDA:19,2,1,7
BRDA:36,3,0,8654
BRF:5
BRH:5
end_of_record
TN:
SF:src/utils/auth.ts
FN:1,(anonymous_1)
FNF:1
FNH:1
FNDA:1,(anonymous_1)
DA:1,1
LF:1
LH:1
BRDA:1,0,0,1
BRDA:1,0,1,1
BRF:2
BRH:2
end_of_record
TN:
SF:src/utils/bytes-to-size.ts
FN:2,(anonymous_1)
FNF:1
FNH:1
FNDA:12,(anonymous_1)
DA:2,12
DA:3,12
DA:4,1
DA:7,11
DA:8,11
DA:9,11
DA:10,11
DA:12,11
LF:8
LH:8
BRDA:2,0,0,7
BRDA:3,1,0,1
BRDA:8,2,0,1
BRDA:8,2,1,10
BRF:4
BRH:4
end_of_record
TN:
SF:src/utils/code-style.ts
FNF:0
FNH:0
DA:1,1
DA:3,17
LF:2
LH:2
BRF:0
BRH:0
end_of_record
TN:
SF:src/utils/create-emotion-cache.ts
FN:3,(anonymous_2)
FNF:1
FNH:1
FNDA:3,(anonymous_2)
DA:1,1
DA:3,3
DA:4,3
LF:3
LH:3
BRF:0
BRH:0
end_of_record
TN:
SF:src/utils/create-public-id.ts
FN:3,(anonymous_1)
FNF:1
FNH:1
FNDA:3,(anonymous_1)
DA:1,1
DA:3,3
DA:4,3
LF:3
LH:3
BRDA:3,0,0,2
BRF:1
BRH:1
end_of_record
TN:
SF:src/utils/create-resource-id.ts
FN:1,(anonymous_1)
FN:4,(anonymous_2)
FNF:2
FNH:2
FNDA:3,(anonymous_1)
FNDA:36,(anonymous_2)
DA:1,3
DA:2,3
DA:3,3
DA:4,36
LF:4
LH:4
BRF:0
BRH:0
end_of_record
TN:
SF:src/utils/date-locale.ts
FN:25,(anonymous_2)
FNF:1
FNH:1
FNDA:19,(anonymous_2)
DA:2,1
DA:4,1
DA:23,19
DA:26,19
DA:28,19
DA:30,18
DA:31,10
DA:32,5
DA:34,5
DA:38,8
LF:10
LH:10
BRDA:26,0,0,19
BRDA:26,0,1,9
BRDA:30,1,0,10
BRDA:31,2,0,5
BRDA:31,2,1,5
BRF:5
BRH:5
end_of_record
TN:
SF:src/utils/deep-compare.ts
FN:3,deepCompare
FNF:1
FNH:1
FNDA:56,deepCompare
DA:1,1
DA:3,25
DA:4,56
DA:5,21
DA:7,35
DA:8,2
DA:10,33
DA:11,2
DA:13,31
DA:14,6
DA:15,1
DA:17,5
DA:18,12
DA:19,2
DA:22,3
DA:24,25
DA:25,17
DA:26,2
DA:28,15
DA:29,0
DA:31,15
DA:32,20
DA:33,1
DA:35,19
DA:36,7
DA:39,7
DA:41,8
LF:27
LH:26
BRDA:4,0,0,21
BRDA:7,1,0,2
BRDA:7,2,0,35
BRDA:7,2,1,2
BRDA:10,3,0,2
BRDA:13,4,0,6
BRDA:13,5,0,31
BRDA:13,5,1,6
BRDA:14,6,0,1
BRDA:18,7,0,2
BRDA:24,8,0,17
BRDA:24,9,0,25
BRDA:24,9,1,18
BRDA:25,10,0,2
BRDA:25,11,0,17
BRDA:25,11,1,16
BRDA:28,12,0,0
BRDA:32,13,0,1
BRDA:35,14,0,7
BRF:19
BRH:18
end_of_record
TN:
SF:src/utils/deep-copy.ts
FN:2,deepCopy
FN:12,(anonymous_2)
FN:19,(anonymous_3)
FNF:3
FNH:3
FNDA:30,deepCopy
FNDA:8,(anonymous_2)
FNDA:14,(anonymous_3)
DA:2,8
DA:3,30
DA:4,19
DA:7,11
DA:8,2
DA:11,9
DA:12,3
DA:13,8
DA:14,8
DA:18,6
DA:19,6
DA:20,14
DA:21,14
LF:13
LH:13
BRDA:3,0,0,19
BRDA:3,1,0,30
BRDA:3,1,1,13
BRDA:7,2,0,2
BRDA:11,3,0,3
BRDA:18,4,0,6
BRF:6
BRH:6
end_of_record
TN:
SF:src/utils/download-file-from-url.ts
FN:3,downloadFileFromUrl
FN:5,(anonymous_3)
FN:6,(anonymous_4)
FN:17,(anonymous_5)
FNF:4
FNH:4
FNDA:2,downloadFileFromUrl
FNDA:1,(anonymous_3)
FNDA:1,(anonymous_4)
FNDA:1,(anonymous_5)
DA:1,1
DA:3,2
DA:4,2
DA:5,1
DA:7,1
DA:8,1
DA:9,1
DA:10,1
DA:11,1
DA:12,1
DA:13,1
DA:14,1
DA:15,1
DA:17,1
LF:14
LH:14
BRF:0
BRH:0
end_of_record
TN:
SF:src/utils/file-to-base64.ts
FN:1,(anonymous_1)
FN:2,(anonymous_2)
FN:5,(anonymous_3)
FN:6,(anonymous_4)
FNF:4
FNH:4
FNDA:2,(anonymous_1)
FNDA:2,(anonymous_2)
FNDA:1,(anonymous_3)
FNDA:1,(anonymous_4)
DA:1,2
DA:2,2
DA:3,2
DA:4,2
DA:5,2
DA:6,2
LF:6
LH:6
BRF:0
BRH:0
end_of_record
TN:
SF:src/utils/file-upload.ts
FN:38,(anonymous_8)
FN:42,(anonymous_9)
FN:53,(anonymous_10)
FN:69,(anonymous_11)
FN:89,(anonymous_12)
FN:117,generateUniqueId
FNF:6
FNH:6
FNDA:7,(anonymous_8)
FNDA:11,(anonymous_9)
FNDA:1,(anonymous_10)
FNDA:1,(anonymous_11)
FNDA:5,(anonymous_12)
FNDA:1,generateUniqueId
DA:2,1
DA:3,1
DA:4,1
DA:6,1
DA:38,1
DA:39,7
DA:42,4
DA:44,11
DA:46,11
DA:47,9
DA:50,2
DA:53,1
DA:57,1
DA:58,1
DA:59,0
DA:62,1
DA:64,1
DA:66,1
DA:69,1
DA:73,1
DA:75,1
DA:76,0
DA:79,1
DA:81,1
DA:86,1
DA:89,5
DA:90,5
DA:92,5
DA:93,0
DA:96,5
DA:98,5
DA:100,1
DA:103,1
DA:106,1
DA:109,1
DA:112,1
DA:117,1
DA:118,1
LF:38
LH:35
BRDA:39,0,0,7
BRDA:39,0,1,0
BRDA:46,1,0,9
BRDA:58,2,0,0
BRDA:75,3,0,0
BRDA:92,4,0,0
BRDA:98,5,0,1
BRDA:98,5,1,1
BRDA:98,5,2,1
BRDA:98,5,3,1
BRDA:98,5,4,1
BRF:11
BRH:7
end_of_record
TN:
SF:src/utils/filter-unique.ts
FN:1,(anonymous_3)
FN:2,(anonymous_4)
FN:4,(anonymous_5)
FN:12,(anonymous_6)
FN:13,(anonymous_7)
FN:14,(anonymous_8)
FNF:6
FNH:6
FNDA:3,(anonymous_3)
FNDA:14,(anonymous_4)
FNDA:58,(anonymous_5)
FNDA:4,(anonymous_6)
FNDA:10,(anonymous_7)
FNDA:34,(anonymous_8)
DA:1,3
DA:2,3
DA:3,14
DA:4,58
DA:9,4
DA:12,1
DA:13,4
DA:14,34
LF:8
LH:8
BRDA:4,0,0,14
BRDA:4,0,1,12
BRF:2
BRH:2
end_of_record
TN:
SF:src/utils/format-currency.ts
FN:4,(anonymous_2)
FNF:1
FNH:1
FNDA:7,(anonymous_2)
DA:1,1
DA:2,1
DA:4,7
DA:14,7
DA:16,7
LF:5
LH:5
BRDA:7,0,0,6
BRDA:16,1,0,7
BRDA:16,1,1,1
BRF:3
BRH:3
end_of_record
TN:
SF:src/utils/get-initials.ts
FN:1,(anonymous_1)
FN:6,(anonymous_2)
FNF:2
FNH:2
FNDA:9,(anonymous_1)
FNDA:15,(anonymous_2)
DA:1,9
DA:2,9
DA:6,15
LF:3
LH:3
BRDA:1,0,0,0
BRDA:6,1,0,15
BRDA:6,1,1,12
BRF:3
BRH:2
end_of_record
TN:
SF:src/utils/get-media-serving-url.ts
FN:5,(anonymous_7)
FN:39,(anonymous_8)
FN:80,(anonymous_9)
FN:95,(anonymous_10)
FN:108,(anonymous_11)
FN:121,(anonymous_12)
FNF:6
FNH:6
FNDA:1,(anonymous_7)
FNDA:4,(anonymous_8)
FNDA:2,(anonymous_9)
FNDA:2,(anonymous_10)
FNDA:2,(anonymous_11)
FNDA:2,(anonymous_12)
DA:5,1
DA:21,1
DA:39,4
DA:44,4
DA:45,1
DA:49,3
DA:51,3
DA:52,1
DA:55,2
DA:58,1
DA:65,2
DA:66,1
DA:69,2
DA:70,1
DA:73,2
DA:74,1
DA:77,2
DA:80,2
DA:81,2
DA:84,1
DA:87,1
DA:95,2
DA:96,2
DA:97,1
DA:100,1
DA:108,2
DA:109,2
DA:110,1
DA:113,1
DA:121,2
DA:122,2
DA:124,2
LF:32
LH:32
BRDA:5,0,0,1
BRDA:5,0,1,1
BRDA:41,1,0,3
BRDA:42,2,0,4
BRDA:44,3,0,1
BRDA:49,4,0,1
BRDA:49,4,1,2
BRDA:51,5,0,1
BRDA:55,6,0,1
BRDA:61,7,0,0
BRDA:61,7,1,1
BRDA:65,8,0,1
BRDA:69,9,0,1
BRDA:73,10,0,1
BRDA:80,11,0,2
BRDA:81,12,0,1
BRDA:90,13,0,0
BRDA:90,13,1,1
BRDA:96,14,0,1
BRDA:109,15,0,1
BRDA:122,16,0,2
BRDA:122,16,1,1
BRDA:125,17,0,1
BRDA:125,17,1,1
BRF:24
BRH:22
end_of_record
TN:
SF:src/utils/get-media.ts
FN:8,(anonymous_3)
FN:11,(anonymous_4)
FN:14,(anonymous_5)
FN:17,(anonymous_6)
FN:30,(anonymous_7)
FN:33,(anonymous_8)
FN:36,(anonymous_9)
FNF:7
FNH:7
FNDA:4,(anonymous_3)
FNDA:4,(anonymous_4)
FNDA:4,(anonymous_5)
FNDA:6,(anonymous_6)
FNDA:3,(anonymous_7)
FNDA:2,(anonymous_8)
FNDA:3,(anonymous_9)
DA:1,1
DA:8,4
DA:9,4
DA:10,3
DA:11,4
DA:13,3
DA:14,4
DA:16,3
DA:17,6
DA:19,3
DA:20,1
DA:21,2
DA:22,1
DA:23,1
DA:24,1
DA:27,1
DA:30,3
DA:31,3
DA:32,2
DA:33,2
DA:35,2
DA:36,3
DA:38,2
DA:39,1
DA:40,1
DA:41,1
DA:44,1
LF:27
LH:27
BRDA:9,0,0,3
BRDA:19,1,0,1
BRDA:19,1,1,2
BRDA:21,2,0,1
BRDA:21,2,1,1
BRDA:23,3,0,1
BRDA:31,4,0,2
BRDA:38,5,0,1
BRDA:38,5,1,1
BRDA:40,6,0,1
BRF:10
BRH:10
end_of_record
TN:
SF:src/utils/get-random-int.ts
FN:1,(anonymous_1)
FNF:1
FNH:1
FNDA:203,(anonymous_1)
DA:1,203
DA:2,203
DA:3,203
DA:5,203
LF:4
LH:4
BRF:0
BRH:0
end_of_record
TN:
SF:src/utils/get-user-id.ts
FN:3,(anonymous_1)
FNF:1
FNH:0
FNDA:0,(anonymous_1)
DA:3,0
DA:4,0
DA:6,0
DA:7,0
DA:10,0
LF:5
LH:0
BRDA:6,0,0,0
BRF:1
BRH:0
end_of_record
TN:
SF:src/utils/jwt.ts
FN:9,(anonymous_6)
FN:20,(anonymous_7)
FN:31,(anonymous_8)
FN:43,(anonymous_9)
FN:56,(anonymous_10)
FN:68,(anonymous_11)
FNF:6
FNH:6
FNDA:2,(anonymous_6)
FNDA:80,(anonymous_7)
FNDA:1,(anonymous_8)
FNDA:40,(anonymous_9)
FNDA:1,(anonymous_10)
FNDA:40,(anonymous_11)
DA:2,2
DA:3,1
DA:9,2
DA:14,2
DA:15,2
DA:16,2
DA:17,2
DA:18,2
DA:21,80
DA:26,2
DA:31,1
DA:32,1
DA:33,1
DA:34,1
DA:35,1
DA:37,1
DA:38,0
DA:41,1
DA:44,40
DA:49,1
DA:50,0
DA:53,1
DA:56,1
DA:57,1
DA:58,1
DA:59,1
DA:60,1
DA:62,1
DA:63,0
DA:66,1
DA:69,40
DA:74,1
DA:75,0
DA:78,1
LF:34
LH:30
BRDA:37,0,0,0
BRDA:49,1,0,0
BRDA:62,2,0,0
BRDA:74,3,0,0
BRF:4
BRH:0
end_of_record
TN:
SF:src/utils/merge-two-arrays.ts
FN:1,(anonymous_1)
FN:3,(anonymous_2)
FN:4,(anonymous_3)
FNF:3
FNH:0
FNDA:0,(anonymous_1)
FNDA:0,(anonymous_2)
FNDA:0,(anonymous_3)
DA:1,0
DA:2,0
DA:3,0
DA:4,0
DA:5,0
DA:7,0
DA:10,0
LF:7
LH:0
BRDA:4,0,0,0
BRF:1
BRH:0
end_of_record
TN:
SF:src/utils/obj-from-array.ts
FN:1,(anonymous_1)
FN:2,(anonymous_2)
FNF:2
FNH:0
FNDA:0,(anonymous_1)
FNDA:0,(anonymous_2)
DA:1,0
DA:2,0
DA:3,0
DA:4,0
LF:4
LH:0
BRDA:1,0,0,0
BRF:1
BRH:0
end_of_record
TN:
SF:src/utils/set-color.ts
FN:8,(anonymous_1)
FNF:1
FNH:0
FNDA:0,(anonymous_1)
DA:8,0
DA:9,0
DA:10,0
DA:11,0
DA:13,0
LF:5
LH:0
BRDA:13,0,0,0
BRDA:13,0,1,0
BRF:2
BRH:0
end_of_record
TN:
SF:src/utils/stringUtils.ts
FN:1,toSentenceCase
FN:9,capitalizeFirstLetterOfWords
FN:10,(anonymous_6)
FN:15,uniqueNameWithCount
FNF:4
FNH:0
FNDA:0,toSentenceCase
FNDA:0,capitalizeFirstLetterOfWords
FNDA:0,(anonymous_6)
FNDA:0,uniqueNameWithCount
DA:1,0
DA:2,0
DA:3,0
DA:4,0
DA:6,0
DA:9,0
DA:10,0
DA:11,0
DA:15,0
DA:21,0
LF:10
LH:0
BRDA:2,0,0,0
BRDA:3,1,0,0
BRDA:4,2,0,0
BRDA:4,2,1,0
BRDA:21,3,0,0
BRDA:21,3,1,0
BRF:6
BRH:0
end_of_record
TN:
SF:src/utils/timeUtil.ts
FN:1,(anonymous_3)
FN:8,getDateRange
FNF:2
FNH:0
FNDA:0,(anonymous_3)
FNDA:0,getDateRange
DA:1,0
DA:8,0
DA:9,0
DA:10,0
DA:12,0
DA:14,0
DA:15,0
DA:17,0
DA:18,0
DA:20,0
DA:21,0
DA:23,0
DA:24,0
DA:26,0
DA:29,0
LF:15
LH:0
BRDA:1,0,0,0
BRDA:1,0,1,0
BRDA:12,1,0,0
BRDA:12,1,1,0
BRDA:12,1,2,0
BRDA:12,1,3,0
BRDA:12,1,4,0
BRF:7
BRH:0
end_of_record
TN:
SF:src/utils/title-case.ts
FN:1,(anonymous_1)
FNF:1
FNH:0
FNDA:0,(anonymous_1)
DA:1,0
DA:2,0
DA:3,0
DA:4,0
DA:5,0
DA:8,0
LF:6
LH:0
BRDA:4,0,0,0
BRF:1
BRH:0
end_of_record
TN:
SF:src/utils/wait.ts
FN:1,(anonymous_1)
FN:1,(anonymous_2)
FNF:2
FNH:0
FNDA:0,(anonymous_1)
FNDA:0,(anonymous_2)
DA:1,0
LF:1
LH:0
BRF:0
BRH:0
end_of_record
